[2022-07-28 15:09:31,365] {taskinstance.py:1179} INFO - Dependencies all met for <TaskInstance: META_historic_data.create_historic_table scheduled__2022-07-28T14:30:00+00:00 [queued]>
[2022-07-28 15:09:31,439] {taskinstance.py:1179} INFO - Dependencies all met for <TaskInstance: META_historic_data.create_historic_table scheduled__2022-07-28T14:30:00+00:00 [queued]>
[2022-07-28 15:09:31,440] {taskinstance.py:1376} INFO - 
--------------------------------------------------------------------------------
[2022-07-28 15:09:31,441] {taskinstance.py:1377} INFO - Starting attempt 1 of 2
[2022-07-28 15:09:31,442] {taskinstance.py:1378} INFO - 
--------------------------------------------------------------------------------
[2022-07-28 15:09:31,500] {taskinstance.py:1397} INFO - Executing <Task(PythonOperator): create_historic_table> on 2022-07-28 14:30:00+00:00
[2022-07-28 15:09:31,505] {standard_task_runner.py:52} INFO - Started process 768 to run task
[2022-07-28 15:09:31,534] {standard_task_runner.py:79} INFO - Running: ['***', 'tasks', 'run', 'META_historic_data', 'create_historic_table', 'scheduled__2022-07-28T14:30:00+00:00', '--job-id', '92', '--raw', '--subdir', 'DAGS_FOLDER/open_options.py', '--cfg-path', '/tmp/tmpqtnooscm', '--error-file', '/tmp/tmpfvbk5ce6']
[2022-07-28 15:09:31,543] {standard_task_runner.py:80} INFO - Job 92: Subtask create_historic_table
[2022-07-28 15:09:31,720] {task_command.py:371} INFO - Running <TaskInstance: META_historic_data.create_historic_table scheduled__2022-07-28T14:30:00+00:00 [running]> on host a2299eb83309
[2022-07-28 15:09:31,951] {taskinstance.py:1591} INFO - Exporting the following env vars:
AIRFLOW_CTX_DAG_OWNER=vardhan
AIRFLOW_CTX_DAG_ID=META_historic_data
AIRFLOW_CTX_TASK_ID=create_historic_table
AIRFLOW_CTX_EXECUTION_DATE=2022-07-28T14:30:00+00:00
AIRFLOW_CTX_TRY_NUMBER=1
AIRFLOW_CTX_DAG_RUN_ID=scheduled__2022-07-28T14:30:00+00:00
[2022-07-28 15:09:31,968] {base.py:68} INFO - Using connection ID 'postgres_optionsdata' for task execution.
[2022-07-28 15:09:31,973] {dbapi.py:231} INFO - Running statement: 
        CREATE TABLE IF NOT EXISTS historic__META_ (
            datetime BIGINT,
            high DOUBLE PRECISION,
            low DOUBLE PRECISION,
            open DOUBLE PRECISION,
            close DOUBLE PRECISION,
            volume INTEGER,
            symbol VARCHAR(32) NOT NULL,
            PRIMARY KEY (symbol, datetime)
        )
    , parameters: None
[2022-07-28 15:09:32,058] {python.py:173} INFO - Done. Returned value was: None
[2022-07-28 15:09:32,212] {taskinstance.py:1420} INFO - Marking task as SUCCESS. dag_id=META_historic_data, task_id=create_historic_table, execution_date=20220728T143000, start_date=20220728T150931, end_date=20220728T150932
[2022-07-28 15:09:32,284] {local_task_job.py:156} INFO - Task exited with return code 0
[2022-07-28 15:09:32,842] {local_task_job.py:273} INFO - 1 downstream tasks scheduled from follow-on schedule check
