[2022-07-28 15:03:15,283] {taskinstance.py:1179} INFO - Dependencies all met for <TaskInstance: get_options_data_BWV.extract_options_data_from_tda scheduled__2022-07-28T14:30:00+00:00 [queued]>
[2022-07-28 15:03:15,297] {taskinstance.py:1179} INFO - Dependencies all met for <TaskInstance: get_options_data_BWV.extract_options_data_from_tda scheduled__2022-07-28T14:30:00+00:00 [queued]>
[2022-07-28 15:03:15,298] {taskinstance.py:1376} INFO - 
--------------------------------------------------------------------------------
[2022-07-28 15:03:15,299] {taskinstance.py:1377} INFO - Starting attempt 1 of 2
[2022-07-28 15:03:15,299] {taskinstance.py:1378} INFO - 
--------------------------------------------------------------------------------
[2022-07-28 15:03:15,324] {taskinstance.py:1397} INFO - Executing <Task(PythonOperator): extract_options_data_from_tda> on 2022-07-28 14:30:00+00:00
[2022-07-28 15:03:15,330] {standard_task_runner.py:52} INFO - Started process 240 to run task
[2022-07-28 15:03:15,334] {standard_task_runner.py:79} INFO - Running: ['***', 'tasks', 'run', 'get_options_data_BWV', 'extract_options_data_from_tda', 'scheduled__2022-07-28T14:30:00+00:00', '--job-id', '15', '--raw', '--subdir', 'DAGS_FOLDER/open_options.py', '--cfg-path', '/tmp/tmpk1r_xeu_', '--error-file', '/tmp/tmp3y8zi851']
[2022-07-28 15:03:15,336] {standard_task_runner.py:80} INFO - Job 15: Subtask extract_options_data_from_tda
[2022-07-28 15:03:15,440] {task_command.py:371} INFO - Running <TaskInstance: get_options_data_BWV.extract_options_data_from_tda scheduled__2022-07-28T14:30:00+00:00 [running]> on host a2299eb83309
[2022-07-28 15:03:15,587] {taskinstance.py:1591} INFO - Exporting the following env vars:
AIRFLOW_CTX_DAG_OWNER=vardhan
AIRFLOW_CTX_DAG_ID=get_options_data_BWV
AIRFLOW_CTX_TASK_ID=extract_options_data_from_tda
AIRFLOW_CTX_EXECUTION_DATE=2022-07-28T14:30:00+00:00
AIRFLOW_CTX_TRY_NUMBER=1
AIRFLOW_CTX_DAG_RUN_ID=scheduled__2022-07-28T14:30:00+00:00
[2022-07-28 15:03:16,175] {logging_mixin.py:115} INFO - {'symbol': 'BWV', 'status': 'FAILED', 'underlying': None, 'strategy': 'SINGLE', 'interval': 0.0, 'isDelayed': True, 'isIndex': False, 'interestRate': 0.0, 'underlyingPrice': 0.0, 'volatility': 0.0, 'daysToExpiration': 0.0, 'numberOfContracts': 0, 'putExpDateMap': {}, 'callExpDateMap': {}}
[2022-07-28 15:03:16,206] {python.py:173} INFO - Done. Returned value was: None
[2022-07-28 15:03:16,251] {taskinstance.py:1420} INFO - Marking task as SUCCESS. dag_id=get_options_data_BWV, task_id=extract_options_data_from_tda, execution_date=20220728T143000, start_date=20220728T150315, end_date=20220728T150316
[2022-07-28 15:03:16,311] {local_task_job.py:156} INFO - Task exited with return code 0
[2022-07-28 15:03:16,739] {local_task_job.py:273} INFO - 1 downstream tasks scheduled from follow-on schedule check
