[2022-07-28 15:09:25,018] {taskinstance.py:1179} INFO - Dependencies all met for <TaskInstance: BWV_historic_data.create_historic_table scheduled__2022-07-28T14:30:00+00:00 [queued]>
[2022-07-28 15:09:25,035] {taskinstance.py:1179} INFO - Dependencies all met for <TaskInstance: BWV_historic_data.create_historic_table scheduled__2022-07-28T14:30:00+00:00 [queued]>
[2022-07-28 15:09:25,036] {taskinstance.py:1376} INFO - 
--------------------------------------------------------------------------------
[2022-07-28 15:09:25,036] {taskinstance.py:1377} INFO - Starting attempt 1 of 2
[2022-07-28 15:09:25,037] {taskinstance.py:1378} INFO - 
--------------------------------------------------------------------------------
[2022-07-28 15:09:25,058] {taskinstance.py:1397} INFO - Executing <Task(PythonOperator): create_historic_table> on 2022-07-28 14:30:00+00:00
[2022-07-28 15:09:25,067] {standard_task_runner.py:52} INFO - Started process 743 to run task
[2022-07-28 15:09:25,071] {standard_task_runner.py:79} INFO - Running: ['***', 'tasks', 'run', 'BWV_historic_data', 'create_historic_table', 'scheduled__2022-07-28T14:30:00+00:00', '--job-id', '80', '--raw', '--subdir', 'DAGS_FOLDER/open_options.py', '--cfg-path', '/tmp/tmp69fd0ass', '--error-file', '/tmp/tmpu99o8u8f']
[2022-07-28 15:09:25,072] {standard_task_runner.py:80} INFO - Job 80: Subtask create_historic_table
[2022-07-28 15:09:25,201] {task_command.py:371} INFO - Running <TaskInstance: BWV_historic_data.create_historic_table scheduled__2022-07-28T14:30:00+00:00 [running]> on host a2299eb83309
[2022-07-28 15:09:25,306] {taskinstance.py:1591} INFO - Exporting the following env vars:
AIRFLOW_CTX_DAG_OWNER=vardhan
AIRFLOW_CTX_DAG_ID=BWV_historic_data
AIRFLOW_CTX_TASK_ID=create_historic_table
AIRFLOW_CTX_EXECUTION_DATE=2022-07-28T14:30:00+00:00
AIRFLOW_CTX_TRY_NUMBER=1
AIRFLOW_CTX_DAG_RUN_ID=scheduled__2022-07-28T14:30:00+00:00
[2022-07-28 15:09:25,319] {base.py:68} INFO - Using connection ID 'postgres_optionsdata' for task execution.
[2022-07-28 15:09:25,324] {dbapi.py:231} INFO - Running statement: 
        CREATE TABLE IF NOT EXISTS historic__BWV_ (
            datetime BIGINT,
            high DOUBLE PRECISION,
            low DOUBLE PRECISION,
            open DOUBLE PRECISION,
            close DOUBLE PRECISION,
            volume INTEGER,
            symbol VARCHAR(32) NOT NULL,
            PRIMARY KEY (symbol, datetime)
        )
    , parameters: None
[2022-07-28 15:09:25,331] {python.py:173} INFO - Done. Returned value was: None
[2022-07-28 15:09:25,349] {taskinstance.py:1420} INFO - Marking task as SUCCESS. dag_id=BWV_historic_data, task_id=create_historic_table, execution_date=20220728T143000, start_date=20220728T150925, end_date=20220728T150925
[2022-07-28 15:09:25,406] {local_task_job.py:156} INFO - Task exited with return code 0
[2022-07-28 15:09:25,616] {local_task_job.py:273} INFO - 1 downstream tasks scheduled from follow-on schedule check
