[2022-07-28 15:03:16,662] {taskinstance.py:1179} INFO - Dependencies all met for <TaskInstance: get_options_data_MA.create_table scheduled__2022-07-28T14:30:00+00:00 [queued]>
[2022-07-28 15:03:16,687] {taskinstance.py:1179} INFO - Dependencies all met for <TaskInstance: get_options_data_MA.create_table scheduled__2022-07-28T14:30:00+00:00 [queued]>
[2022-07-28 15:03:16,698] {taskinstance.py:1376} INFO - 
--------------------------------------------------------------------------------
[2022-07-28 15:03:16,701] {taskinstance.py:1377} INFO - Starting attempt 1 of 2
[2022-07-28 15:03:16,702] {taskinstance.py:1378} INFO - 
--------------------------------------------------------------------------------
[2022-07-28 15:03:16,771] {taskinstance.py:1397} INFO - Executing <Task(PythonOperator): create_table> on 2022-07-28 14:30:00+00:00
[2022-07-28 15:03:16,785] {standard_task_runner.py:52} INFO - Started process 255 to run task
[2022-07-28 15:03:16,792] {standard_task_runner.py:79} INFO - Running: ['***', 'tasks', 'run', 'get_options_data_MA', 'create_table', 'scheduled__2022-07-28T14:30:00+00:00', '--job-id', '16', '--raw', '--subdir', 'DAGS_FOLDER/open_options.py', '--cfg-path', '/tmp/tmpfg0t6gx_', '--error-file', '/tmp/tmpy0lsx2ep']
[2022-07-28 15:03:16,794] {standard_task_runner.py:80} INFO - Job 16: Subtask create_table
[2022-07-28 15:03:16,982] {task_command.py:371} INFO - Running <TaskInstance: get_options_data_MA.create_table scheduled__2022-07-28T14:30:00+00:00 [running]> on host a2299eb83309
[2022-07-28 15:03:17,299] {taskinstance.py:1591} INFO - Exporting the following env vars:
AIRFLOW_CTX_DAG_OWNER=vardhan
AIRFLOW_CTX_DAG_ID=get_options_data_MA
AIRFLOW_CTX_TASK_ID=create_table
AIRFLOW_CTX_EXECUTION_DATE=2022-07-28T14:30:00+00:00
AIRFLOW_CTX_TRY_NUMBER=1
AIRFLOW_CTX_DAG_RUN_ID=scheduled__2022-07-28T14:30:00+00:00
[2022-07-28 15:03:17,378] {base.py:68} INFO - Using connection ID 'postgres_optionsdata' for task execution.
[2022-07-28 15:03:17,419] {dbapi.py:231} INFO - Running statement: 
CREATE TABLE IF NOT EXISTS MA (
    put_call VARCHAR(5) NOT NULL,
    symbol VARCHAR(32) NOT NULL,
    description VARCHAR(64) NOT NULL,
    bid DOUBLE PRECISION,
    ask DOUBLE PRECISION,
    last DOUBLE PRECISION,
    bid_size INTEGER,
    ask_size INTEGER,
    last_size INTEGER,
    high_price DOUBLE PRECISION,
    low_price DOUBLE PRECISION,
    open_price DOUBLE PRECISION,
    close_price DOUBLE PRECISION,
    total_volume INTEGER,
    quote_time BIGINT,
    volatility DOUBLE PRECISION,
    delta DOUBLE PRECISION,
    gamma DOUBLE PRECISION,
    theta DOUBLE PRECISION,
    vega DOUBLE PRECISION,
    rho DOUBLE PRECISION,
    open_interest INTEGER,
    time_value DOUBLE PRECISION,
    theoretical_value DOUBLE PRECISION,
    strike_price DOUBLE PRECISION,
    expiration_date BIGINT,
    dte INTEGER,
    PRIMARY KEY (symbol, quote_time)
)
, parameters: None
[2022-07-28 15:03:17,452] {python.py:173} INFO - Done. Returned value was: None
[2022-07-28 15:03:17,677] {taskinstance.py:1420} INFO - Marking task as SUCCESS. dag_id=get_options_data_MA, task_id=create_table, execution_date=20220728T143000, start_date=20220728T150316, end_date=20220728T150317
[2022-07-28 15:03:17,760] {local_task_job.py:156} INFO - Task exited with return code 0
[2022-07-28 15:03:18,432] {local_task_job.py:273} INFO - 1 downstream tasks scheduled from follow-on schedule check
