[2022-07-28 15:03:30,485] {taskinstance.py:1179} INFO - Dependencies all met for <TaskInstance: get_options_data_BWV.load_data_into_postgres scheduled__2022-07-28T14:30:00+00:00 [queued]>
[2022-07-28 15:03:30,555] {taskinstance.py:1179} INFO - Dependencies all met for <TaskInstance: get_options_data_BWV.load_data_into_postgres scheduled__2022-07-28T14:30:00+00:00 [queued]>
[2022-07-28 15:03:30,556] {taskinstance.py:1376} INFO - 
--------------------------------------------------------------------------------
[2022-07-28 15:03:30,557] {taskinstance.py:1377} INFO - Starting attempt 1 of 2
[2022-07-28 15:03:30,570] {taskinstance.py:1378} INFO - 
--------------------------------------------------------------------------------
[2022-07-28 15:03:30,739] {taskinstance.py:1397} INFO - Executing <Task(PythonOperator): load_data_into_postgres> on 2022-07-28 14:30:00+00:00
[2022-07-28 15:03:30,746] {standard_task_runner.py:52} INFO - Started process 314 to run task
[2022-07-28 15:03:30,771] {standard_task_runner.py:79} INFO - Running: ['***', 'tasks', 'run', 'get_options_data_BWV', 'load_data_into_postgres', 'scheduled__2022-07-28T14:30:00+00:00', '--job-id', '41', '--raw', '--subdir', 'DAGS_FOLDER/open_options.py', '--cfg-path', '/tmp/tmpxyrtp9ke', '--error-file', '/tmp/tmpt7pb3ylc']
[2022-07-28 15:03:30,783] {standard_task_runner.py:80} INFO - Job 41: Subtask load_data_into_postgres
[2022-07-28 15:03:31,113] {task_command.py:371} INFO - Running <TaskInstance: get_options_data_BWV.load_data_into_postgres scheduled__2022-07-28T14:30:00+00:00 [running]> on host a2299eb83309
[2022-07-28 15:03:31,489] {taskinstance.py:1591} INFO - Exporting the following env vars:
AIRFLOW_CTX_DAG_OWNER=vardhan
AIRFLOW_CTX_DAG_ID=get_options_data_BWV
AIRFLOW_CTX_TASK_ID=load_data_into_postgres
AIRFLOW_CTX_EXECUTION_DATE=2022-07-28T14:30:00+00:00
AIRFLOW_CTX_TRY_NUMBER=1
AIRFLOW_CTX_DAG_RUN_ID=scheduled__2022-07-28T14:30:00+00:00
[2022-07-28 15:03:33,934] {python.py:173} INFO - Done. Returned value was: None
[2022-07-28 15:03:34,001] {taskinstance.py:1420} INFO - Marking task as SUCCESS. dag_id=get_options_data_BWV, task_id=load_data_into_postgres, execution_date=20220728T143000, start_date=20220728T150330, end_date=20220728T150334
[2022-07-28 15:03:34,125] {local_task_job.py:156} INFO - Task exited with return code 0
[2022-07-28 15:03:35,332] {local_task_job.py:273} INFO - 0 downstream tasks scheduled from follow-on schedule check
