[2022-07-28 14:49:23,672] {processor.py:153} INFO - Started process (PID=200) to work on /home/airflow/.local/lib/python3.7/site-packages/airflow/example_dags/example_kubernetes_executor.py
[2022-07-28 14:49:23,674] {processor.py:641} INFO - Processing file /home/airflow/.local/lib/python3.7/site-packages/airflow/example_dags/example_kubernetes_executor.py for tasks to queue
[2022-07-28 14:49:23,675] {logging_mixin.py:115} INFO - [2022-07-28 14:49:23,675] {dagbag.py:508} INFO - Filling up the DagBag from /home/airflow/.local/lib/python3.7/site-packages/airflow/example_dags/example_kubernetes_executor.py
[2022-07-28 14:49:23,730] {processor.py:651} INFO - DAG(s) dict_keys(['example_kubernetes_executor']) retrieved from /home/airflow/.local/lib/python3.7/site-packages/airflow/example_dags/example_kubernetes_executor.py
[2022-07-28 14:49:23,833] {logging_mixin.py:115} INFO - [2022-07-28 14:49:23,833] {manager.py:508} INFO - Created Permission View: can edit on DAG:example_kubernetes_executor
[2022-07-28 14:49:23,848] {logging_mixin.py:115} INFO - [2022-07-28 14:49:23,848] {manager.py:508} INFO - Created Permission View: can read on DAG:example_kubernetes_executor
[2022-07-28 14:49:23,857] {logging_mixin.py:115} INFO - [2022-07-28 14:49:23,857] {manager.py:508} INFO - Created Permission View: can delete on DAG:example_kubernetes_executor
[2022-07-28 14:49:23,858] {logging_mixin.py:115} INFO - [2022-07-28 14:49:23,858] {dag.py:2420} INFO - Sync 1 DAGs
[2022-07-28 14:49:23,869] {logging_mixin.py:115} INFO - [2022-07-28 14:49:23,869] {dag.py:2439} INFO - Creating ORM DAG for example_kubernetes_executor
[2022-07-28 14:49:23,880] {logging_mixin.py:115} INFO - [2022-07-28 14:49:23,880] {dag.py:2972} INFO - Setting next_dagrun for example_kubernetes_executor to None, run_after=None
[2022-07-28 14:49:23,899] {processor.py:161} INFO - Processing /home/airflow/.local/lib/python3.7/site-packages/airflow/example_dags/example_kubernetes_executor.py took 0.232 seconds
[2022-07-28 14:49:54,159] {processor.py:153} INFO - Started process (PID=393) to work on /home/airflow/.local/lib/python3.7/site-packages/airflow/example_dags/example_kubernetes_executor.py
[2022-07-28 14:49:54,160] {processor.py:641} INFO - Processing file /home/airflow/.local/lib/python3.7/site-packages/airflow/example_dags/example_kubernetes_executor.py for tasks to queue
[2022-07-28 14:49:54,161] {logging_mixin.py:115} INFO - [2022-07-28 14:49:54,160] {dagbag.py:508} INFO - Filling up the DagBag from /home/airflow/.local/lib/python3.7/site-packages/airflow/example_dags/example_kubernetes_executor.py
[2022-07-28 14:49:54,182] {processor.py:651} INFO - DAG(s) dict_keys(['example_kubernetes_executor']) retrieved from /home/airflow/.local/lib/python3.7/site-packages/airflow/example_dags/example_kubernetes_executor.py
[2022-07-28 14:49:54,209] {logging_mixin.py:115} INFO - [2022-07-28 14:49:54,209] {dag.py:2420} INFO - Sync 1 DAGs
[2022-07-28 14:49:54,228] {logging_mixin.py:115} INFO - [2022-07-28 14:49:54,228] {dag.py:2972} INFO - Setting next_dagrun for example_kubernetes_executor to None, run_after=None
[2022-07-28 14:49:54,240] {processor.py:161} INFO - Processing /home/airflow/.local/lib/python3.7/site-packages/airflow/example_dags/example_kubernetes_executor.py took 0.084 seconds
[2022-07-28 14:50:24,400] {processor.py:153} INFO - Started process (PID=594) to work on /home/airflow/.local/lib/python3.7/site-packages/airflow/example_dags/example_kubernetes_executor.py
[2022-07-28 14:50:24,401] {processor.py:641} INFO - Processing file /home/airflow/.local/lib/python3.7/site-packages/airflow/example_dags/example_kubernetes_executor.py for tasks to queue
[2022-07-28 14:50:24,402] {logging_mixin.py:115} INFO - [2022-07-28 14:50:24,402] {dagbag.py:508} INFO - Filling up the DagBag from /home/airflow/.local/lib/python3.7/site-packages/airflow/example_dags/example_kubernetes_executor.py
[2022-07-28 14:50:24,425] {processor.py:651} INFO - DAG(s) dict_keys(['example_kubernetes_executor']) retrieved from /home/airflow/.local/lib/python3.7/site-packages/airflow/example_dags/example_kubernetes_executor.py
[2022-07-28 14:50:24,451] {logging_mixin.py:115} INFO - [2022-07-28 14:50:24,451] {dag.py:2420} INFO - Sync 1 DAGs
[2022-07-28 14:50:24,470] {logging_mixin.py:115} INFO - [2022-07-28 14:50:24,470] {dag.py:2972} INFO - Setting next_dagrun for example_kubernetes_executor to None, run_after=None
[2022-07-28 14:50:24,500] {processor.py:161} INFO - Processing /home/airflow/.local/lib/python3.7/site-packages/airflow/example_dags/example_kubernetes_executor.py took 0.105 seconds
[2022-07-28 14:50:54,855] {processor.py:153} INFO - Started process (PID=783) to work on /home/airflow/.local/lib/python3.7/site-packages/airflow/example_dags/example_kubernetes_executor.py
[2022-07-28 14:50:54,856] {processor.py:641} INFO - Processing file /home/airflow/.local/lib/python3.7/site-packages/airflow/example_dags/example_kubernetes_executor.py for tasks to queue
[2022-07-28 14:50:54,857] {logging_mixin.py:115} INFO - [2022-07-28 14:50:54,857] {dagbag.py:508} INFO - Filling up the DagBag from /home/airflow/.local/lib/python3.7/site-packages/airflow/example_dags/example_kubernetes_executor.py
[2022-07-28 14:50:54,905] {processor.py:651} INFO - DAG(s) dict_keys(['example_kubernetes_executor']) retrieved from /home/airflow/.local/lib/python3.7/site-packages/airflow/example_dags/example_kubernetes_executor.py
[2022-07-28 14:50:54,953] {logging_mixin.py:115} INFO - [2022-07-28 14:50:54,953] {dag.py:2420} INFO - Sync 1 DAGs
[2022-07-28 14:50:54,994] {logging_mixin.py:115} INFO - [2022-07-28 14:50:54,994] {dag.py:2972} INFO - Setting next_dagrun for example_kubernetes_executor to None, run_after=None
[2022-07-28 14:50:55,020] {processor.py:161} INFO - Processing /home/airflow/.local/lib/python3.7/site-packages/airflow/example_dags/example_kubernetes_executor.py took 0.170 seconds
[2022-07-28 14:51:26,153] {processor.py:153} INFO - Started process (PID=988) to work on /home/airflow/.local/lib/python3.7/site-packages/airflow/example_dags/example_kubernetes_executor.py
[2022-07-28 14:51:26,155] {processor.py:641} INFO - Processing file /home/airflow/.local/lib/python3.7/site-packages/airflow/example_dags/example_kubernetes_executor.py for tasks to queue
[2022-07-28 14:51:26,157] {logging_mixin.py:115} INFO - [2022-07-28 14:51:26,157] {dagbag.py:508} INFO - Filling up the DagBag from /home/airflow/.local/lib/python3.7/site-packages/airflow/example_dags/example_kubernetes_executor.py
[2022-07-28 14:51:26,209] {processor.py:651} INFO - DAG(s) dict_keys(['example_kubernetes_executor']) retrieved from /home/airflow/.local/lib/python3.7/site-packages/airflow/example_dags/example_kubernetes_executor.py
[2022-07-28 14:51:26,258] {logging_mixin.py:115} INFO - [2022-07-28 14:51:26,258] {dag.py:2420} INFO - Sync 1 DAGs
[2022-07-28 14:51:26,293] {logging_mixin.py:115} INFO - [2022-07-28 14:51:26,293] {dag.py:2972} INFO - Setting next_dagrun for example_kubernetes_executor to None, run_after=None
[2022-07-28 14:51:26,315] {processor.py:161} INFO - Processing /home/airflow/.local/lib/python3.7/site-packages/airflow/example_dags/example_kubernetes_executor.py took 0.168 seconds
[2022-07-28 14:51:57,233] {processor.py:153} INFO - Started process (PID=1190) to work on /home/airflow/.local/lib/python3.7/site-packages/airflow/example_dags/example_kubernetes_executor.py
[2022-07-28 14:51:57,234] {processor.py:641} INFO - Processing file /home/airflow/.local/lib/python3.7/site-packages/airflow/example_dags/example_kubernetes_executor.py for tasks to queue
[2022-07-28 14:51:57,235] {logging_mixin.py:115} INFO - [2022-07-28 14:51:57,235] {dagbag.py:508} INFO - Filling up the DagBag from /home/airflow/.local/lib/python3.7/site-packages/airflow/example_dags/example_kubernetes_executor.py
[2022-07-28 14:51:57,273] {processor.py:651} INFO - DAG(s) dict_keys(['example_kubernetes_executor']) retrieved from /home/airflow/.local/lib/python3.7/site-packages/airflow/example_dags/example_kubernetes_executor.py
[2022-07-28 14:51:57,309] {logging_mixin.py:115} INFO - [2022-07-28 14:51:57,309] {dag.py:2420} INFO - Sync 1 DAGs
[2022-07-28 14:51:57,338] {logging_mixin.py:115} INFO - [2022-07-28 14:51:57,338] {dag.py:2972} INFO - Setting next_dagrun for example_kubernetes_executor to None, run_after=None
[2022-07-28 14:51:57,351] {processor.py:161} INFO - Processing /home/airflow/.local/lib/python3.7/site-packages/airflow/example_dags/example_kubernetes_executor.py took 0.123 seconds
