[2022-07-28 14:49:26,477] {processor.py:153} INFO - Started process (PID=308) to work on /home/airflow/.local/lib/python3.7/site-packages/airflow/example_dags/example_local_kubernetes_executor.py
[2022-07-28 14:49:26,478] {processor.py:641} INFO - Processing file /home/airflow/.local/lib/python3.7/site-packages/airflow/example_dags/example_local_kubernetes_executor.py for tasks to queue
[2022-07-28 14:49:26,478] {logging_mixin.py:115} INFO - [2022-07-28 14:49:26,478] {dagbag.py:508} INFO - Filling up the DagBag from /home/airflow/.local/lib/python3.7/site-packages/airflow/example_dags/example_local_kubernetes_executor.py
[2022-07-28 14:49:26,495] {processor.py:651} INFO - DAG(s) dict_keys(['example_local_kubernetes_executor']) retrieved from /home/airflow/.local/lib/python3.7/site-packages/airflow/example_dags/example_local_kubernetes_executor.py
[2022-07-28 14:49:26,600] {logging_mixin.py:115} INFO - [2022-07-28 14:49:26,600] {manager.py:508} INFO - Created Permission View: can edit on DAG:example_local_kubernetes_executor
[2022-07-28 14:49:26,617] {logging_mixin.py:115} INFO - [2022-07-28 14:49:26,617] {manager.py:508} INFO - Created Permission View: can read on DAG:example_local_kubernetes_executor
[2022-07-28 14:49:26,629] {logging_mixin.py:115} INFO - [2022-07-28 14:49:26,628] {manager.py:508} INFO - Created Permission View: can delete on DAG:example_local_kubernetes_executor
[2022-07-28 14:49:26,629] {logging_mixin.py:115} INFO - [2022-07-28 14:49:26,629] {dag.py:2420} INFO - Sync 1 DAGs
[2022-07-28 14:49:26,640] {logging_mixin.py:115} INFO - [2022-07-28 14:49:26,640] {dag.py:2439} INFO - Creating ORM DAG for example_local_kubernetes_executor
[2022-07-28 14:49:26,653] {logging_mixin.py:115} INFO - [2022-07-28 14:49:26,653] {dag.py:2972} INFO - Setting next_dagrun for example_local_kubernetes_executor to None, run_after=None
[2022-07-28 14:49:26,696] {processor.py:161} INFO - Processing /home/airflow/.local/lib/python3.7/site-packages/airflow/example_dags/example_local_kubernetes_executor.py took 0.223 seconds
[2022-07-28 14:49:57,040] {processor.py:153} INFO - Started process (PID=500) to work on /home/airflow/.local/lib/python3.7/site-packages/airflow/example_dags/example_local_kubernetes_executor.py
[2022-07-28 14:49:57,041] {processor.py:641} INFO - Processing file /home/airflow/.local/lib/python3.7/site-packages/airflow/example_dags/example_local_kubernetes_executor.py for tasks to queue
[2022-07-28 14:49:57,042] {logging_mixin.py:115} INFO - [2022-07-28 14:49:57,042] {dagbag.py:508} INFO - Filling up the DagBag from /home/airflow/.local/lib/python3.7/site-packages/airflow/example_dags/example_local_kubernetes_executor.py
[2022-07-28 14:49:57,058] {processor.py:651} INFO - DAG(s) dict_keys(['example_local_kubernetes_executor']) retrieved from /home/airflow/.local/lib/python3.7/site-packages/airflow/example_dags/example_local_kubernetes_executor.py
[2022-07-28 14:49:57,083] {logging_mixin.py:115} INFO - [2022-07-28 14:49:57,083] {dag.py:2420} INFO - Sync 1 DAGs
[2022-07-28 14:49:57,109] {logging_mixin.py:115} INFO - [2022-07-28 14:49:57,109] {dag.py:2972} INFO - Setting next_dagrun for example_local_kubernetes_executor to None, run_after=None
[2022-07-28 14:49:57,123] {processor.py:161} INFO - Processing /home/airflow/.local/lib/python3.7/site-packages/airflow/example_dags/example_local_kubernetes_executor.py took 0.086 seconds
[2022-07-28 14:50:27,370] {processor.py:153} INFO - Started process (PID=702) to work on /home/airflow/.local/lib/python3.7/site-packages/airflow/example_dags/example_local_kubernetes_executor.py
[2022-07-28 14:50:27,372] {processor.py:641} INFO - Processing file /home/airflow/.local/lib/python3.7/site-packages/airflow/example_dags/example_local_kubernetes_executor.py for tasks to queue
[2022-07-28 14:50:27,372] {logging_mixin.py:115} INFO - [2022-07-28 14:50:27,372] {dagbag.py:508} INFO - Filling up the DagBag from /home/airflow/.local/lib/python3.7/site-packages/airflow/example_dags/example_local_kubernetes_executor.py
[2022-07-28 14:50:27,389] {processor.py:651} INFO - DAG(s) dict_keys(['example_local_kubernetes_executor']) retrieved from /home/airflow/.local/lib/python3.7/site-packages/airflow/example_dags/example_local_kubernetes_executor.py
[2022-07-28 14:50:27,415] {logging_mixin.py:115} INFO - [2022-07-28 14:50:27,415] {dag.py:2420} INFO - Sync 1 DAGs
[2022-07-28 14:50:27,441] {logging_mixin.py:115} INFO - [2022-07-28 14:50:27,441] {dag.py:2972} INFO - Setting next_dagrun for example_local_kubernetes_executor to None, run_after=None
[2022-07-28 14:50:27,454] {processor.py:161} INFO - Processing /home/airflow/.local/lib/python3.7/site-packages/airflow/example_dags/example_local_kubernetes_executor.py took 0.087 seconds
[2022-07-28 14:50:57,780] {processor.py:153} INFO - Started process (PID=905) to work on /home/airflow/.local/lib/python3.7/site-packages/airflow/example_dags/example_local_kubernetes_executor.py
[2022-07-28 14:50:57,781] {processor.py:641} INFO - Processing file /home/airflow/.local/lib/python3.7/site-packages/airflow/example_dags/example_local_kubernetes_executor.py for tasks to queue
[2022-07-28 14:50:57,782] {logging_mixin.py:115} INFO - [2022-07-28 14:50:57,782] {dagbag.py:508} INFO - Filling up the DagBag from /home/airflow/.local/lib/python3.7/site-packages/airflow/example_dags/example_local_kubernetes_executor.py
[2022-07-28 14:50:57,800] {processor.py:651} INFO - DAG(s) dict_keys(['example_local_kubernetes_executor']) retrieved from /home/airflow/.local/lib/python3.7/site-packages/airflow/example_dags/example_local_kubernetes_executor.py
[2022-07-28 14:50:57,828] {logging_mixin.py:115} INFO - [2022-07-28 14:50:57,827] {dag.py:2420} INFO - Sync 1 DAGs
[2022-07-28 14:50:57,859] {logging_mixin.py:115} INFO - [2022-07-28 14:50:57,859] {dag.py:2972} INFO - Setting next_dagrun for example_local_kubernetes_executor to None, run_after=None
[2022-07-28 14:50:57,874] {processor.py:161} INFO - Processing /home/airflow/.local/lib/python3.7/site-packages/airflow/example_dags/example_local_kubernetes_executor.py took 0.101 seconds
[2022-07-28 14:51:28,128] {processor.py:153} INFO - Started process (PID=1098) to work on /home/airflow/.local/lib/python3.7/site-packages/airflow/example_dags/example_local_kubernetes_executor.py
[2022-07-28 14:51:28,129] {processor.py:641} INFO - Processing file /home/airflow/.local/lib/python3.7/site-packages/airflow/example_dags/example_local_kubernetes_executor.py for tasks to queue
[2022-07-28 14:51:28,130] {logging_mixin.py:115} INFO - [2022-07-28 14:51:28,130] {dagbag.py:508} INFO - Filling up the DagBag from /home/airflow/.local/lib/python3.7/site-packages/airflow/example_dags/example_local_kubernetes_executor.py
[2022-07-28 14:51:28,147] {processor.py:651} INFO - DAG(s) dict_keys(['example_local_kubernetes_executor']) retrieved from /home/airflow/.local/lib/python3.7/site-packages/airflow/example_dags/example_local_kubernetes_executor.py
[2022-07-28 14:51:28,174] {logging_mixin.py:115} INFO - [2022-07-28 14:51:28,174] {dag.py:2420} INFO - Sync 1 DAGs
[2022-07-28 14:51:28,206] {logging_mixin.py:115} INFO - [2022-07-28 14:51:28,206] {dag.py:2972} INFO - Setting next_dagrun for example_local_kubernetes_executor to None, run_after=None
[2022-07-28 14:51:28,220] {processor.py:161} INFO - Processing /home/airflow/.local/lib/python3.7/site-packages/airflow/example_dags/example_local_kubernetes_executor.py took 0.095 seconds
[2022-07-28 14:51:59,473] {processor.py:153} INFO - Started process (PID=1366) to work on /home/airflow/.local/lib/python3.7/site-packages/airflow/example_dags/example_local_kubernetes_executor.py
[2022-07-28 14:51:59,474] {processor.py:641} INFO - Processing file /home/airflow/.local/lib/python3.7/site-packages/airflow/example_dags/example_local_kubernetes_executor.py for tasks to queue
[2022-07-28 14:51:59,475] {logging_mixin.py:115} INFO - [2022-07-28 14:51:59,475] {dagbag.py:508} INFO - Filling up the DagBag from /home/airflow/.local/lib/python3.7/site-packages/airflow/example_dags/example_local_kubernetes_executor.py
[2022-07-28 14:51:59,516] {processor.py:651} INFO - DAG(s) dict_keys(['example_local_kubernetes_executor']) retrieved from /home/airflow/.local/lib/python3.7/site-packages/airflow/example_dags/example_local_kubernetes_executor.py
[2022-07-28 14:51:59,566] {logging_mixin.py:115} INFO - [2022-07-28 14:51:59,566] {dag.py:2420} INFO - Sync 1 DAGs
[2022-07-28 14:51:59,623] {logging_mixin.py:115} INFO - [2022-07-28 14:51:59,623] {dag.py:2972} INFO - Setting next_dagrun for example_local_kubernetes_executor to None, run_after=None
[2022-07-28 14:51:59,650] {processor.py:161} INFO - Processing /home/airflow/.local/lib/python3.7/site-packages/airflow/example_dags/example_local_kubernetes_executor.py took 0.182 seconds
