[2022-07-28 14:49:26,726] {processor.py:153} INFO - Started process (PID=318) to work on /home/airflow/.local/lib/python3.7/site-packages/airflow/example_dags/example_latest_only_with_trigger.py
[2022-07-28 14:49:26,727] {processor.py:641} INFO - Processing file /home/airflow/.local/lib/python3.7/site-packages/airflow/example_dags/example_latest_only_with_trigger.py for tasks to queue
[2022-07-28 14:49:26,728] {logging_mixin.py:115} INFO - [2022-07-28 14:49:26,728] {dagbag.py:508} INFO - Filling up the DagBag from /home/airflow/.local/lib/python3.7/site-packages/airflow/example_dags/example_latest_only_with_trigger.py
[2022-07-28 14:49:26,736] {processor.py:651} INFO - DAG(s) dict_keys(['latest_only_with_trigger']) retrieved from /home/airflow/.local/lib/python3.7/site-packages/airflow/example_dags/example_latest_only_with_trigger.py
[2022-07-28 14:49:26,878] {logging_mixin.py:115} INFO - [2022-07-28 14:49:26,877] {manager.py:508} INFO - Created Permission View: can edit on DAG:latest_only_with_trigger
[2022-07-28 14:49:26,889] {logging_mixin.py:115} INFO - [2022-07-28 14:49:26,889] {manager.py:508} INFO - Created Permission View: can read on DAG:latest_only_with_trigger
[2022-07-28 14:49:26,898] {logging_mixin.py:115} INFO - [2022-07-28 14:49:26,898] {manager.py:508} INFO - Created Permission View: can delete on DAG:latest_only_with_trigger
[2022-07-28 14:49:26,899] {logging_mixin.py:115} INFO - [2022-07-28 14:49:26,899] {dag.py:2420} INFO - Sync 1 DAGs
[2022-07-28 14:49:26,911] {logging_mixin.py:115} INFO - [2022-07-28 14:49:26,911] {dag.py:2439} INFO - Creating ORM DAG for latest_only_with_trigger
[2022-07-28 14:49:26,931] {logging_mixin.py:115} INFO - [2022-07-28 14:49:26,931] {dag.py:2972} INFO - Setting next_dagrun for latest_only_with_trigger to 2022-07-28T10:49:26.930930+00:00, run_after=2022-07-28T14:49:26.930930+00:00
[2022-07-28 14:49:26,956] {processor.py:161} INFO - Processing /home/airflow/.local/lib/python3.7/site-packages/airflow/example_dags/example_latest_only_with_trigger.py took 0.234 seconds
[2022-07-28 14:49:57,264] {processor.py:153} INFO - Started process (PID=513) to work on /home/airflow/.local/lib/python3.7/site-packages/airflow/example_dags/example_latest_only_with_trigger.py
[2022-07-28 14:49:57,265] {processor.py:641} INFO - Processing file /home/airflow/.local/lib/python3.7/site-packages/airflow/example_dags/example_latest_only_with_trigger.py for tasks to queue
[2022-07-28 14:49:57,266] {logging_mixin.py:115} INFO - [2022-07-28 14:49:57,266] {dagbag.py:508} INFO - Filling up the DagBag from /home/airflow/.local/lib/python3.7/site-packages/airflow/example_dags/example_latest_only_with_trigger.py
[2022-07-28 14:49:57,272] {processor.py:651} INFO - DAG(s) dict_keys(['latest_only_with_trigger']) retrieved from /home/airflow/.local/lib/python3.7/site-packages/airflow/example_dags/example_latest_only_with_trigger.py
[2022-07-28 14:49:57,302] {logging_mixin.py:115} INFO - [2022-07-28 14:49:57,301] {dag.py:2420} INFO - Sync 1 DAGs
[2022-07-28 14:49:57,338] {logging_mixin.py:115} INFO - [2022-07-28 14:49:57,337] {dag.py:2972} INFO - Setting next_dagrun for latest_only_with_trigger to 2022-07-28T10:49:57.336855+00:00, run_after=2022-07-28T14:49:57.336855+00:00
[2022-07-28 14:49:57,358] {processor.py:161} INFO - Processing /home/airflow/.local/lib/python3.7/site-packages/airflow/example_dags/example_latest_only_with_trigger.py took 0.096 seconds
[2022-07-28 14:50:27,629] {processor.py:153} INFO - Started process (PID=716) to work on /home/airflow/.local/lib/python3.7/site-packages/airflow/example_dags/example_latest_only_with_trigger.py
[2022-07-28 14:50:27,630] {processor.py:641} INFO - Processing file /home/airflow/.local/lib/python3.7/site-packages/airflow/example_dags/example_latest_only_with_trigger.py for tasks to queue
[2022-07-28 14:50:27,631] {logging_mixin.py:115} INFO - [2022-07-28 14:50:27,631] {dagbag.py:508} INFO - Filling up the DagBag from /home/airflow/.local/lib/python3.7/site-packages/airflow/example_dags/example_latest_only_with_trigger.py
[2022-07-28 14:50:27,637] {processor.py:651} INFO - DAG(s) dict_keys(['latest_only_with_trigger']) retrieved from /home/airflow/.local/lib/python3.7/site-packages/airflow/example_dags/example_latest_only_with_trigger.py
[2022-07-28 14:50:27,663] {logging_mixin.py:115} INFO - [2022-07-28 14:50:27,663] {dag.py:2420} INFO - Sync 1 DAGs
[2022-07-28 14:50:27,687] {logging_mixin.py:115} INFO - [2022-07-28 14:50:27,687] {dag.py:2972} INFO - Setting next_dagrun for latest_only_with_trigger to 2022-07-28T10:50:27.686880+00:00, run_after=2022-07-28T14:50:27.686880+00:00
[2022-07-28 14:50:27,709] {processor.py:161} INFO - Processing /home/airflow/.local/lib/python3.7/site-packages/airflow/example_dags/example_latest_only_with_trigger.py took 0.083 seconds
[2022-07-28 14:50:57,913] {processor.py:153} INFO - Started process (PID=915) to work on /home/airflow/.local/lib/python3.7/site-packages/airflow/example_dags/example_latest_only_with_trigger.py
[2022-07-28 14:50:57,914] {processor.py:641} INFO - Processing file /home/airflow/.local/lib/python3.7/site-packages/airflow/example_dags/example_latest_only_with_trigger.py for tasks to queue
[2022-07-28 14:50:57,916] {logging_mixin.py:115} INFO - [2022-07-28 14:50:57,915] {dagbag.py:508} INFO - Filling up the DagBag from /home/airflow/.local/lib/python3.7/site-packages/airflow/example_dags/example_latest_only_with_trigger.py
[2022-07-28 14:50:57,925] {processor.py:651} INFO - DAG(s) dict_keys(['latest_only_with_trigger']) retrieved from /home/airflow/.local/lib/python3.7/site-packages/airflow/example_dags/example_latest_only_with_trigger.py
[2022-07-28 14:50:57,974] {logging_mixin.py:115} INFO - [2022-07-28 14:50:57,974] {dag.py:2420} INFO - Sync 1 DAGs
[2022-07-28 14:50:58,022] {logging_mixin.py:115} INFO - [2022-07-28 14:50:58,022] {dag.py:2972} INFO - Setting next_dagrun for latest_only_with_trigger to 2022-07-28T10:50:58.022486+00:00, run_after=2022-07-28T14:50:58.022486+00:00
[2022-07-28 14:50:58,045] {processor.py:161} INFO - Processing /home/airflow/.local/lib/python3.7/site-packages/airflow/example_dags/example_latest_only_with_trigger.py took 0.137 seconds
[2022-07-28 14:51:28,251] {processor.py:153} INFO - Started process (PID=1108) to work on /home/airflow/.local/lib/python3.7/site-packages/airflow/example_dags/example_latest_only_with_trigger.py
[2022-07-28 14:51:28,252] {processor.py:641} INFO - Processing file /home/airflow/.local/lib/python3.7/site-packages/airflow/example_dags/example_latest_only_with_trigger.py for tasks to queue
[2022-07-28 14:51:28,253] {logging_mixin.py:115} INFO - [2022-07-28 14:51:28,253] {dagbag.py:508} INFO - Filling up the DagBag from /home/airflow/.local/lib/python3.7/site-packages/airflow/example_dags/example_latest_only_with_trigger.py
[2022-07-28 14:51:28,259] {processor.py:651} INFO - DAG(s) dict_keys(['latest_only_with_trigger']) retrieved from /home/airflow/.local/lib/python3.7/site-packages/airflow/example_dags/example_latest_only_with_trigger.py
[2022-07-28 14:51:28,297] {logging_mixin.py:115} INFO - [2022-07-28 14:51:28,297] {dag.py:2420} INFO - Sync 1 DAGs
[2022-07-28 14:51:28,345] {logging_mixin.py:115} INFO - [2022-07-28 14:51:28,344] {dag.py:2972} INFO - Setting next_dagrun for latest_only_with_trigger to 2022-07-28T10:51:28.344525+00:00, run_after=2022-07-28T14:51:28.344525+00:00
[2022-07-28 14:51:28,371] {processor.py:161} INFO - Processing /home/airflow/.local/lib/python3.7/site-packages/airflow/example_dags/example_latest_only_with_trigger.py took 0.124 seconds
[2022-07-28 14:51:59,657] {processor.py:153} INFO - Started process (PID=1372) to work on /home/airflow/.local/lib/python3.7/site-packages/airflow/example_dags/example_latest_only_with_trigger.py
[2022-07-28 14:51:59,658] {processor.py:641} INFO - Processing file /home/airflow/.local/lib/python3.7/site-packages/airflow/example_dags/example_latest_only_with_trigger.py for tasks to queue
[2022-07-28 14:51:59,659] {logging_mixin.py:115} INFO - [2022-07-28 14:51:59,659] {dagbag.py:508} INFO - Filling up the DagBag from /home/airflow/.local/lib/python3.7/site-packages/airflow/example_dags/example_latest_only_with_trigger.py
[2022-07-28 14:51:59,671] {processor.py:651} INFO - DAG(s) dict_keys(['latest_only_with_trigger']) retrieved from /home/airflow/.local/lib/python3.7/site-packages/airflow/example_dags/example_latest_only_with_trigger.py
[2022-07-28 14:51:59,730] {logging_mixin.py:115} INFO - [2022-07-28 14:51:59,730] {dag.py:2420} INFO - Sync 1 DAGs
[2022-07-28 14:51:59,785] {logging_mixin.py:115} INFO - [2022-07-28 14:51:59,784] {dag.py:2972} INFO - Setting next_dagrun for latest_only_with_trigger to 2022-07-28T10:51:59.784508+00:00, run_after=2022-07-28T14:51:59.784508+00:00
[2022-07-28 14:51:59,818] {processor.py:161} INFO - Processing /home/airflow/.local/lib/python3.7/site-packages/airflow/example_dags/example_latest_only_with_trigger.py took 0.169 seconds
