[2022-07-28 14:49:27,002] {processor.py:153} INFO - Started process (PID=328) to work on /home/airflow/.local/lib/python3.7/site-packages/airflow/example_dags/example_subdag_operator.py
[2022-07-28 14:49:27,004] {processor.py:641} INFO - Processing file /home/airflow/.local/lib/python3.7/site-packages/airflow/example_dags/example_subdag_operator.py for tasks to queue
[2022-07-28 14:49:27,005] {logging_mixin.py:115} INFO - [2022-07-28 14:49:27,005] {dagbag.py:508} INFO - Filling up the DagBag from /home/airflow/.local/lib/python3.7/site-packages/airflow/example_dags/example_subdag_operator.py
[2022-07-28 14:49:27,040] {processor.py:651} INFO - DAG(s) dict_keys(['example_subdag_operator.section-1', 'example_subdag_operator.section-2', 'example_subdag_operator']) retrieved from /home/airflow/.local/lib/python3.7/site-packages/airflow/example_dags/example_subdag_operator.py
[2022-07-28 14:49:27,176] {logging_mixin.py:115} INFO - [2022-07-28 14:49:27,176] {manager.py:508} INFO - Created Permission View: can edit on DAG:example_subdag_operator
[2022-07-28 14:49:27,196] {logging_mixin.py:115} INFO - [2022-07-28 14:49:27,195] {manager.py:508} INFO - Created Permission View: can read on DAG:example_subdag_operator
[2022-07-28 14:49:27,212] {logging_mixin.py:115} INFO - [2022-07-28 14:49:27,211] {manager.py:508} INFO - Created Permission View: can delete on DAG:example_subdag_operator
[2022-07-28 14:49:27,212] {logging_mixin.py:115} INFO - [2022-07-28 14:49:27,212] {dag.py:2420} INFO - Sync 3 DAGs
[2022-07-28 14:49:27,226] {logging_mixin.py:115} INFO - [2022-07-28 14:49:27,226] {dag.py:2439} INFO - Creating ORM DAG for example_subdag_operator
[2022-07-28 14:49:27,227] {logging_mixin.py:115} INFO - [2022-07-28 14:49:27,227] {dag.py:2439} INFO - Creating ORM DAG for example_subdag_operator.section-1
[2022-07-28 14:49:27,228] {logging_mixin.py:115} INFO - [2022-07-28 14:49:27,228] {dag.py:2439} INFO - Creating ORM DAG for example_subdag_operator.section-2
[2022-07-28 14:49:27,246] {logging_mixin.py:115} INFO - [2022-07-28 14:49:27,245] {dag.py:2972} INFO - Setting next_dagrun for example_subdag_operator to 2022-01-01T00:00:00+00:00, run_after=2022-01-01T00:00:00+00:00
[2022-07-28 14:49:27,247] {logging_mixin.py:115} INFO - [2022-07-28 14:49:27,247] {dag.py:2972} INFO - Setting next_dagrun for example_subdag_operator.section-1 to None, run_after=None
[2022-07-28 14:49:27,248] {logging_mixin.py:115} INFO - [2022-07-28 14:49:27,248] {dag.py:2972} INFO - Setting next_dagrun for example_subdag_operator.section-2 to None, run_after=None
[2022-07-28 14:49:27,262] {logging_mixin.py:115} INFO - [2022-07-28 14:49:27,262] {dag.py:2420} INFO - Sync 2 DAGs
[2022-07-28 14:49:27,269] {logging_mixin.py:115} INFO - [2022-07-28 14:49:27,269] {dag.py:2972} INFO - Setting next_dagrun for example_subdag_operator.section-1 to None, run_after=None
[2022-07-28 14:49:27,269] {logging_mixin.py:115} INFO - [2022-07-28 14:49:27,269] {dag.py:2972} INFO - Setting next_dagrun for example_subdag_operator.section-2 to None, run_after=None
[2022-07-28 14:49:27,298] {processor.py:161} INFO - Processing /home/airflow/.local/lib/python3.7/site-packages/airflow/example_dags/example_subdag_operator.py took 0.301 seconds
[2022-07-28 14:49:57,408] {processor.py:153} INFO - Started process (PID=520) to work on /home/airflow/.local/lib/python3.7/site-packages/airflow/example_dags/example_subdag_operator.py
[2022-07-28 14:49:57,409] {processor.py:641} INFO - Processing file /home/airflow/.local/lib/python3.7/site-packages/airflow/example_dags/example_subdag_operator.py for tasks to queue
[2022-07-28 14:49:57,410] {logging_mixin.py:115} INFO - [2022-07-28 14:49:57,410] {dagbag.py:508} INFO - Filling up the DagBag from /home/airflow/.local/lib/python3.7/site-packages/airflow/example_dags/example_subdag_operator.py
[2022-07-28 14:49:57,438] {processor.py:651} INFO - DAG(s) dict_keys(['example_subdag_operator.section-1', 'example_subdag_operator.section-2', 'example_subdag_operator']) retrieved from /home/airflow/.local/lib/python3.7/site-packages/airflow/example_dags/example_subdag_operator.py
[2022-07-28 14:49:57,480] {logging_mixin.py:115} INFO - [2022-07-28 14:49:57,480] {dag.py:2420} INFO - Sync 3 DAGs
[2022-07-28 14:49:57,502] {logging_mixin.py:115} INFO - [2022-07-28 14:49:57,502] {dag.py:2972} INFO - Setting next_dagrun for example_subdag_operator to 2022-01-01T00:00:00+00:00, run_after=2022-01-01T00:00:00+00:00
[2022-07-28 14:49:57,503] {logging_mixin.py:115} INFO - [2022-07-28 14:49:57,503] {dag.py:2972} INFO - Setting next_dagrun for example_subdag_operator.section-1 to None, run_after=None
[2022-07-28 14:49:57,504] {logging_mixin.py:115} INFO - [2022-07-28 14:49:57,503] {dag.py:2972} INFO - Setting next_dagrun for example_subdag_operator.section-2 to None, run_after=None
[2022-07-28 14:49:57,512] {logging_mixin.py:115} INFO - [2022-07-28 14:49:57,512] {dag.py:2420} INFO - Sync 2 DAGs
[2022-07-28 14:49:57,518] {logging_mixin.py:115} INFO - [2022-07-28 14:49:57,518] {dag.py:2972} INFO - Setting next_dagrun for example_subdag_operator.section-1 to None, run_after=None
[2022-07-28 14:49:57,519] {logging_mixin.py:115} INFO - [2022-07-28 14:49:57,519] {dag.py:2972} INFO - Setting next_dagrun for example_subdag_operator.section-2 to None, run_after=None
[2022-07-28 14:49:57,528] {processor.py:161} INFO - Processing /home/airflow/.local/lib/python3.7/site-packages/airflow/example_dags/example_subdag_operator.py took 0.125 seconds
[2022-07-28 14:50:27,747] {processor.py:153} INFO - Started process (PID=726) to work on /home/airflow/.local/lib/python3.7/site-packages/airflow/example_dags/example_subdag_operator.py
[2022-07-28 14:50:27,748] {processor.py:641} INFO - Processing file /home/airflow/.local/lib/python3.7/site-packages/airflow/example_dags/example_subdag_operator.py for tasks to queue
[2022-07-28 14:50:27,749] {logging_mixin.py:115} INFO - [2022-07-28 14:50:27,749] {dagbag.py:508} INFO - Filling up the DagBag from /home/airflow/.local/lib/python3.7/site-packages/airflow/example_dags/example_subdag_operator.py
[2022-07-28 14:50:27,772] {processor.py:651} INFO - DAG(s) dict_keys(['example_subdag_operator.section-1', 'example_subdag_operator.section-2', 'example_subdag_operator']) retrieved from /home/airflow/.local/lib/python3.7/site-packages/airflow/example_dags/example_subdag_operator.py
[2022-07-28 14:50:27,814] {logging_mixin.py:115} INFO - [2022-07-28 14:50:27,814] {dag.py:2420} INFO - Sync 3 DAGs
[2022-07-28 14:50:27,840] {logging_mixin.py:115} INFO - [2022-07-28 14:50:27,840] {dag.py:2972} INFO - Setting next_dagrun for example_subdag_operator to 2022-01-01T00:00:00+00:00, run_after=2022-01-01T00:00:00+00:00
[2022-07-28 14:50:27,841] {logging_mixin.py:115} INFO - [2022-07-28 14:50:27,841] {dag.py:2972} INFO - Setting next_dagrun for example_subdag_operator.section-1 to None, run_after=None
[2022-07-28 14:50:27,842] {logging_mixin.py:115} INFO - [2022-07-28 14:50:27,842] {dag.py:2972} INFO - Setting next_dagrun for example_subdag_operator.section-2 to None, run_after=None
[2022-07-28 14:50:27,850] {logging_mixin.py:115} INFO - [2022-07-28 14:50:27,849] {dag.py:2420} INFO - Sync 2 DAGs
[2022-07-28 14:50:27,856] {logging_mixin.py:115} INFO - [2022-07-28 14:50:27,856] {dag.py:2972} INFO - Setting next_dagrun for example_subdag_operator.section-1 to None, run_after=None
[2022-07-28 14:50:27,857] {logging_mixin.py:115} INFO - [2022-07-28 14:50:27,856] {dag.py:2972} INFO - Setting next_dagrun for example_subdag_operator.section-2 to None, run_after=None
[2022-07-28 14:50:27,865] {processor.py:161} INFO - Processing /home/airflow/.local/lib/python3.7/site-packages/airflow/example_dags/example_subdag_operator.py took 0.121 seconds
[2022-07-28 14:50:58,073] {processor.py:153} INFO - Started process (PID=925) to work on /home/airflow/.local/lib/python3.7/site-packages/airflow/example_dags/example_subdag_operator.py
[2022-07-28 14:50:58,073] {processor.py:641} INFO - Processing file /home/airflow/.local/lib/python3.7/site-packages/airflow/example_dags/example_subdag_operator.py for tasks to queue
[2022-07-28 14:50:58,074] {logging_mixin.py:115} INFO - [2022-07-28 14:50:58,074] {dagbag.py:508} INFO - Filling up the DagBag from /home/airflow/.local/lib/python3.7/site-packages/airflow/example_dags/example_subdag_operator.py
[2022-07-28 14:50:58,100] {processor.py:651} INFO - DAG(s) dict_keys(['example_subdag_operator.section-1', 'example_subdag_operator.section-2', 'example_subdag_operator']) retrieved from /home/airflow/.local/lib/python3.7/site-packages/airflow/example_dags/example_subdag_operator.py
[2022-07-28 14:50:58,138] {logging_mixin.py:115} INFO - [2022-07-28 14:50:58,138] {dag.py:2420} INFO - Sync 3 DAGs
[2022-07-28 14:50:58,165] {logging_mixin.py:115} INFO - [2022-07-28 14:50:58,164] {dag.py:2972} INFO - Setting next_dagrun for example_subdag_operator to 2022-01-01T00:00:00+00:00, run_after=2022-01-01T00:00:00+00:00
[2022-07-28 14:50:58,165] {logging_mixin.py:115} INFO - [2022-07-28 14:50:58,165] {dag.py:2972} INFO - Setting next_dagrun for example_subdag_operator.section-1 to None, run_after=None
[2022-07-28 14:50:58,166] {logging_mixin.py:115} INFO - [2022-07-28 14:50:58,166] {dag.py:2972} INFO - Setting next_dagrun for example_subdag_operator.section-2 to None, run_after=None
[2022-07-28 14:50:58,172] {logging_mixin.py:115} INFO - [2022-07-28 14:50:58,172] {dag.py:2420} INFO - Sync 2 DAGs
[2022-07-28 14:50:58,178] {logging_mixin.py:115} INFO - [2022-07-28 14:50:58,178] {dag.py:2972} INFO - Setting next_dagrun for example_subdag_operator.section-1 to None, run_after=None
[2022-07-28 14:50:58,179] {logging_mixin.py:115} INFO - [2022-07-28 14:50:58,179] {dag.py:2972} INFO - Setting next_dagrun for example_subdag_operator.section-2 to None, run_after=None
[2022-07-28 14:50:58,198] {processor.py:161} INFO - Processing /home/airflow/.local/lib/python3.7/site-packages/airflow/example_dags/example_subdag_operator.py took 0.129 seconds
[2022-07-28 14:51:28,420] {processor.py:153} INFO - Started process (PID=1118) to work on /home/airflow/.local/lib/python3.7/site-packages/airflow/example_dags/example_subdag_operator.py
[2022-07-28 14:51:28,421] {processor.py:641} INFO - Processing file /home/airflow/.local/lib/python3.7/site-packages/airflow/example_dags/example_subdag_operator.py for tasks to queue
[2022-07-28 14:51:28,423] {logging_mixin.py:115} INFO - [2022-07-28 14:51:28,423] {dagbag.py:508} INFO - Filling up the DagBag from /home/airflow/.local/lib/python3.7/site-packages/airflow/example_dags/example_subdag_operator.py
[2022-07-28 14:51:28,471] {processor.py:651} INFO - DAG(s) dict_keys(['example_subdag_operator.section-1', 'example_subdag_operator.section-2', 'example_subdag_operator']) retrieved from /home/airflow/.local/lib/python3.7/site-packages/airflow/example_dags/example_subdag_operator.py
[2022-07-28 14:51:28,531] {logging_mixin.py:115} INFO - [2022-07-28 14:51:28,530] {dag.py:2420} INFO - Sync 3 DAGs
[2022-07-28 14:51:28,557] {logging_mixin.py:115} INFO - [2022-07-28 14:51:28,557] {dag.py:2972} INFO - Setting next_dagrun for example_subdag_operator to 2022-01-01T00:00:00+00:00, run_after=2022-01-01T00:00:00+00:00
[2022-07-28 14:51:28,558] {logging_mixin.py:115} INFO - [2022-07-28 14:51:28,558] {dag.py:2972} INFO - Setting next_dagrun for example_subdag_operator.section-1 to None, run_after=None
[2022-07-28 14:51:28,559] {logging_mixin.py:115} INFO - [2022-07-28 14:51:28,559] {dag.py:2972} INFO - Setting next_dagrun for example_subdag_operator.section-2 to None, run_after=None
[2022-07-28 14:51:28,566] {logging_mixin.py:115} INFO - [2022-07-28 14:51:28,566] {dag.py:2420} INFO - Sync 2 DAGs
[2022-07-28 14:51:28,574] {logging_mixin.py:115} INFO - [2022-07-28 14:51:28,574] {dag.py:2972} INFO - Setting next_dagrun for example_subdag_operator.section-1 to None, run_after=None
[2022-07-28 14:51:28,575] {logging_mixin.py:115} INFO - [2022-07-28 14:51:28,575] {dag.py:2972} INFO - Setting next_dagrun for example_subdag_operator.section-2 to None, run_after=None
[2022-07-28 14:51:28,590] {processor.py:161} INFO - Processing /home/airflow/.local/lib/python3.7/site-packages/airflow/example_dags/example_subdag_operator.py took 0.177 seconds
[2022-07-28 14:51:59,851] {processor.py:153} INFO - Started process (PID=1374) to work on /home/airflow/.local/lib/python3.7/site-packages/airflow/example_dags/example_subdag_operator.py
[2022-07-28 14:51:59,852] {processor.py:641} INFO - Processing file /home/airflow/.local/lib/python3.7/site-packages/airflow/example_dags/example_subdag_operator.py for tasks to queue
[2022-07-28 14:51:59,853] {logging_mixin.py:115} INFO - [2022-07-28 14:51:59,853] {dagbag.py:508} INFO - Filling up the DagBag from /home/airflow/.local/lib/python3.7/site-packages/airflow/example_dags/example_subdag_operator.py
[2022-07-28 14:51:59,896] {processor.py:651} INFO - DAG(s) dict_keys(['example_subdag_operator.section-1', 'example_subdag_operator.section-2', 'example_subdag_operator']) retrieved from /home/airflow/.local/lib/python3.7/site-packages/airflow/example_dags/example_subdag_operator.py
[2022-07-28 14:51:59,962] {logging_mixin.py:115} INFO - [2022-07-28 14:51:59,961] {dag.py:2420} INFO - Sync 3 DAGs
[2022-07-28 14:52:00,020] {logging_mixin.py:115} INFO - [2022-07-28 14:52:00,020] {dag.py:2972} INFO - Setting next_dagrun for example_subdag_operator to 2022-01-01T00:00:00+00:00, run_after=2022-01-01T00:00:00+00:00
[2022-07-28 14:52:00,021] {logging_mixin.py:115} INFO - [2022-07-28 14:52:00,021] {dag.py:2972} INFO - Setting next_dagrun for example_subdag_operator.section-1 to None, run_after=None
[2022-07-28 14:52:00,021] {logging_mixin.py:115} INFO - [2022-07-28 14:52:00,021] {dag.py:2972} INFO - Setting next_dagrun for example_subdag_operator.section-2 to None, run_after=None
[2022-07-28 14:52:00,038] {logging_mixin.py:115} INFO - [2022-07-28 14:52:00,038] {dag.py:2420} INFO - Sync 2 DAGs
[2022-07-28 14:52:00,051] {logging_mixin.py:115} INFO - [2022-07-28 14:52:00,051] {dag.py:2972} INFO - Setting next_dagrun for example_subdag_operator.section-1 to None, run_after=None
[2022-07-28 14:52:00,052] {logging_mixin.py:115} INFO - [2022-07-28 14:52:00,052] {dag.py:2972} INFO - Setting next_dagrun for example_subdag_operator.section-2 to None, run_after=None
[2022-07-28 14:52:00,064] {processor.py:161} INFO - Processing /home/airflow/.local/lib/python3.7/site-packages/airflow/example_dags/example_subdag_operator.py took 0.217 seconds
