[2022-07-28 14:49:24,435] {processor.py:153} INFO - Started process (PID=223) to work on /home/airflow/.local/lib/python3.7/site-packages/airflow/example_dags/example_complex.py
[2022-07-28 14:49:24,436] {processor.py:641} INFO - Processing file /home/airflow/.local/lib/python3.7/site-packages/airflow/example_dags/example_complex.py for tasks to queue
[2022-07-28 14:49:24,438] {logging_mixin.py:115} INFO - [2022-07-28 14:49:24,438] {dagbag.py:508} INFO - Filling up the DagBag from /home/airflow/.local/lib/python3.7/site-packages/airflow/example_dags/example_complex.py
[2022-07-28 14:49:24,456] {processor.py:651} INFO - DAG(s) dict_keys(['example_complex']) retrieved from /home/airflow/.local/lib/python3.7/site-packages/airflow/example_dags/example_complex.py
[2022-07-28 14:49:24,604] {logging_mixin.py:115} INFO - [2022-07-28 14:49:24,604] {manager.py:508} INFO - Created Permission View: can edit on DAG:example_complex
[2022-07-28 14:49:24,620] {logging_mixin.py:115} INFO - [2022-07-28 14:49:24,620] {manager.py:508} INFO - Created Permission View: can read on DAG:example_complex
[2022-07-28 14:49:24,631] {logging_mixin.py:115} INFO - [2022-07-28 14:49:24,631] {manager.py:508} INFO - Created Permission View: can delete on DAG:example_complex
[2022-07-28 14:49:24,632] {logging_mixin.py:115} INFO - [2022-07-28 14:49:24,632] {dag.py:2420} INFO - Sync 1 DAGs
[2022-07-28 14:49:24,650] {logging_mixin.py:115} INFO - [2022-07-28 14:49:24,650] {dag.py:2439} INFO - Creating ORM DAG for example_complex
[2022-07-28 14:49:24,669] {logging_mixin.py:115} INFO - [2022-07-28 14:49:24,669] {dag.py:2972} INFO - Setting next_dagrun for example_complex to None, run_after=None
[2022-07-28 14:49:24,692] {processor.py:161} INFO - Processing /home/airflow/.local/lib/python3.7/site-packages/airflow/example_dags/example_complex.py took 0.263 seconds
[2022-07-28 14:49:55,533] {processor.py:153} INFO - Started process (PID=416) to work on /home/airflow/.local/lib/python3.7/site-packages/airflow/example_dags/example_complex.py
[2022-07-28 14:49:55,534] {processor.py:641} INFO - Processing file /home/airflow/.local/lib/python3.7/site-packages/airflow/example_dags/example_complex.py for tasks to queue
[2022-07-28 14:49:55,534] {logging_mixin.py:115} INFO - [2022-07-28 14:49:55,534] {dagbag.py:508} INFO - Filling up the DagBag from /home/airflow/.local/lib/python3.7/site-packages/airflow/example_dags/example_complex.py
[2022-07-28 14:49:55,550] {processor.py:651} INFO - DAG(s) dict_keys(['example_complex']) retrieved from /home/airflow/.local/lib/python3.7/site-packages/airflow/example_dags/example_complex.py
[2022-07-28 14:49:55,581] {logging_mixin.py:115} INFO - [2022-07-28 14:49:55,581] {dag.py:2420} INFO - Sync 1 DAGs
[2022-07-28 14:49:55,606] {logging_mixin.py:115} INFO - [2022-07-28 14:49:55,606] {dag.py:2972} INFO - Setting next_dagrun for example_complex to None, run_after=None
[2022-07-28 14:49:55,623] {processor.py:161} INFO - Processing /home/airflow/.local/lib/python3.7/site-packages/airflow/example_dags/example_complex.py took 0.094 seconds
[2022-07-28 14:50:25,781] {processor.py:153} INFO - Started process (PID=619) to work on /home/airflow/.local/lib/python3.7/site-packages/airflow/example_dags/example_complex.py
[2022-07-28 14:50:25,782] {processor.py:641} INFO - Processing file /home/airflow/.local/lib/python3.7/site-packages/airflow/example_dags/example_complex.py for tasks to queue
[2022-07-28 14:50:25,782] {logging_mixin.py:115} INFO - [2022-07-28 14:50:25,782] {dagbag.py:508} INFO - Filling up the DagBag from /home/airflow/.local/lib/python3.7/site-packages/airflow/example_dags/example_complex.py
[2022-07-28 14:50:25,797] {processor.py:651} INFO - DAG(s) dict_keys(['example_complex']) retrieved from /home/airflow/.local/lib/python3.7/site-packages/airflow/example_dags/example_complex.py
[2022-07-28 14:50:25,832] {logging_mixin.py:115} INFO - [2022-07-28 14:50:25,831] {dag.py:2420} INFO - Sync 1 DAGs
[2022-07-28 14:50:25,861] {logging_mixin.py:115} INFO - [2022-07-28 14:50:25,861] {dag.py:2972} INFO - Setting next_dagrun for example_complex to None, run_after=None
[2022-07-28 14:50:25,875] {processor.py:161} INFO - Processing /home/airflow/.local/lib/python3.7/site-packages/airflow/example_dags/example_complex.py took 0.097 seconds
[2022-07-28 14:50:56,590] {processor.py:153} INFO - Started process (PID=820) to work on /home/airflow/.local/lib/python3.7/site-packages/airflow/example_dags/example_complex.py
[2022-07-28 14:50:56,591] {processor.py:641} INFO - Processing file /home/airflow/.local/lib/python3.7/site-packages/airflow/example_dags/example_complex.py for tasks to queue
[2022-07-28 14:50:56,592] {logging_mixin.py:115} INFO - [2022-07-28 14:50:56,591] {dagbag.py:508} INFO - Filling up the DagBag from /home/airflow/.local/lib/python3.7/site-packages/airflow/example_dags/example_complex.py
[2022-07-28 14:50:56,608] {processor.py:651} INFO - DAG(s) dict_keys(['example_complex']) retrieved from /home/airflow/.local/lib/python3.7/site-packages/airflow/example_dags/example_complex.py
[2022-07-28 14:50:56,637] {logging_mixin.py:115} INFO - [2022-07-28 14:50:56,637] {dag.py:2420} INFO - Sync 1 DAGs
[2022-07-28 14:50:56,665] {logging_mixin.py:115} INFO - [2022-07-28 14:50:56,665] {dag.py:2972} INFO - Setting next_dagrun for example_complex to None, run_after=None
[2022-07-28 14:50:56,695] {processor.py:161} INFO - Processing /home/airflow/.local/lib/python3.7/site-packages/airflow/example_dags/example_complex.py took 0.109 seconds
[2022-07-28 14:51:26,881] {processor.py:153} INFO - Started process (PID=1013) to work on /home/airflow/.local/lib/python3.7/site-packages/airflow/example_dags/example_complex.py
[2022-07-28 14:51:26,882] {processor.py:641} INFO - Processing file /home/airflow/.local/lib/python3.7/site-packages/airflow/example_dags/example_complex.py for tasks to queue
[2022-07-28 14:51:26,883] {logging_mixin.py:115} INFO - [2022-07-28 14:51:26,883] {dagbag.py:508} INFO - Filling up the DagBag from /home/airflow/.local/lib/python3.7/site-packages/airflow/example_dags/example_complex.py
[2022-07-28 14:51:26,902] {processor.py:651} INFO - DAG(s) dict_keys(['example_complex']) retrieved from /home/airflow/.local/lib/python3.7/site-packages/airflow/example_dags/example_complex.py
[2022-07-28 14:51:26,946] {logging_mixin.py:115} INFO - [2022-07-28 14:51:26,945] {dag.py:2420} INFO - Sync 1 DAGs
[2022-07-28 14:51:26,971] {logging_mixin.py:115} INFO - [2022-07-28 14:51:26,971] {dag.py:2972} INFO - Setting next_dagrun for example_complex to None, run_after=None
[2022-07-28 14:51:26,992] {processor.py:161} INFO - Processing /home/airflow/.local/lib/python3.7/site-packages/airflow/example_dags/example_complex.py took 0.115 seconds
[2022-07-28 14:51:57,675] {processor.py:153} INFO - Started process (PID=1215) to work on /home/airflow/.local/lib/python3.7/site-packages/airflow/example_dags/example_complex.py
[2022-07-28 14:51:57,676] {processor.py:641} INFO - Processing file /home/airflow/.local/lib/python3.7/site-packages/airflow/example_dags/example_complex.py for tasks to queue
[2022-07-28 14:51:57,677] {logging_mixin.py:115} INFO - [2022-07-28 14:51:57,677] {dagbag.py:508} INFO - Filling up the DagBag from /home/airflow/.local/lib/python3.7/site-packages/airflow/example_dags/example_complex.py
[2022-07-28 14:51:57,693] {processor.py:651} INFO - DAG(s) dict_keys(['example_complex']) retrieved from /home/airflow/.local/lib/python3.7/site-packages/airflow/example_dags/example_complex.py
[2022-07-28 14:51:57,729] {logging_mixin.py:115} INFO - [2022-07-28 14:51:57,729] {dag.py:2420} INFO - Sync 1 DAGs
[2022-07-28 14:51:57,761] {logging_mixin.py:115} INFO - [2022-07-28 14:51:57,761] {dag.py:2972} INFO - Setting next_dagrun for example_complex to None, run_after=None
[2022-07-28 14:51:57,783] {processor.py:161} INFO - Processing /home/airflow/.local/lib/python3.7/site-packages/airflow/example_dags/example_complex.py took 0.110 seconds
