[2022-07-28 14:49:26,058] {processor.py:153} INFO - Started process (PID=293) to work on /home/airflow/.local/lib/python3.7/site-packages/airflow/example_dags/example_branch_datetime_operator.py
[2022-07-28 14:49:26,059] {processor.py:641} INFO - Processing file /home/airflow/.local/lib/python3.7/site-packages/airflow/example_dags/example_branch_datetime_operator.py for tasks to queue
[2022-07-28 14:49:26,060] {logging_mixin.py:115} INFO - [2022-07-28 14:49:26,060] {dagbag.py:508} INFO - Filling up the DagBag from /home/airflow/.local/lib/python3.7/site-packages/airflow/example_dags/example_branch_datetime_operator.py
[2022-07-28 14:49:26,072] {processor.py:651} INFO - DAG(s) dict_keys(['example_branch_datetime_operator', 'example_branch_datetime_operator_2']) retrieved from /home/airflow/.local/lib/python3.7/site-packages/airflow/example_dags/example_branch_datetime_operator.py
[2022-07-28 14:49:26,196] {logging_mixin.py:115} INFO - [2022-07-28 14:49:26,196] {manager.py:508} INFO - Created Permission View: can edit on DAG:example_branch_datetime_operator
[2022-07-28 14:49:26,214] {logging_mixin.py:115} INFO - [2022-07-28 14:49:26,214] {manager.py:508} INFO - Created Permission View: can read on DAG:example_branch_datetime_operator
[2022-07-28 14:49:26,229] {logging_mixin.py:115} INFO - [2022-07-28 14:49:26,228] {manager.py:508} INFO - Created Permission View: can delete on DAG:example_branch_datetime_operator
[2022-07-28 14:49:26,250] {logging_mixin.py:115} INFO - [2022-07-28 14:49:26,250] {manager.py:508} INFO - Created Permission View: can edit on DAG:example_branch_datetime_operator_2
[2022-07-28 14:49:26,263] {logging_mixin.py:115} INFO - [2022-07-28 14:49:26,263] {manager.py:508} INFO - Created Permission View: can read on DAG:example_branch_datetime_operator_2
[2022-07-28 14:49:26,275] {logging_mixin.py:115} INFO - [2022-07-28 14:49:26,275] {manager.py:508} INFO - Created Permission View: can delete on DAG:example_branch_datetime_operator_2
[2022-07-28 14:49:26,276] {logging_mixin.py:115} INFO - [2022-07-28 14:49:26,276] {dag.py:2420} INFO - Sync 2 DAGs
[2022-07-28 14:49:26,292] {logging_mixin.py:115} INFO - [2022-07-28 14:49:26,292] {dag.py:2439} INFO - Creating ORM DAG for example_branch_datetime_operator
[2022-07-28 14:49:26,293] {logging_mixin.py:115} INFO - [2022-07-28 14:49:26,293] {dag.py:2439} INFO - Creating ORM DAG for example_branch_datetime_operator_2
[2022-07-28 14:49:26,313] {logging_mixin.py:115} INFO - [2022-07-28 14:49:26,313] {dag.py:2972} INFO - Setting next_dagrun for example_branch_datetime_operator to 2022-07-27T00:00:00+00:00, run_after=2022-07-28T00:00:00+00:00
[2022-07-28 14:49:26,315] {logging_mixin.py:115} INFO - [2022-07-28 14:49:26,315] {dag.py:2972} INFO - Setting next_dagrun for example_branch_datetime_operator_2 to 2022-07-27T00:00:00+00:00, run_after=2022-07-28T00:00:00+00:00
[2022-07-28 14:49:26,333] {processor.py:161} INFO - Processing /home/airflow/.local/lib/python3.7/site-packages/airflow/example_dags/example_branch_datetime_operator.py took 0.278 seconds
[2022-07-28 14:49:56,702] {processor.py:153} INFO - Started process (PID=488) to work on /home/airflow/.local/lib/python3.7/site-packages/airflow/example_dags/example_branch_datetime_operator.py
[2022-07-28 14:49:56,703] {processor.py:641} INFO - Processing file /home/airflow/.local/lib/python3.7/site-packages/airflow/example_dags/example_branch_datetime_operator.py for tasks to queue
[2022-07-28 14:49:56,704] {logging_mixin.py:115} INFO - [2022-07-28 14:49:56,704] {dagbag.py:508} INFO - Filling up the DagBag from /home/airflow/.local/lib/python3.7/site-packages/airflow/example_dags/example_branch_datetime_operator.py
[2022-07-28 14:49:56,714] {processor.py:651} INFO - DAG(s) dict_keys(['example_branch_datetime_operator', 'example_branch_datetime_operator_2']) retrieved from /home/airflow/.local/lib/python3.7/site-packages/airflow/example_dags/example_branch_datetime_operator.py
[2022-07-28 14:49:56,745] {logging_mixin.py:115} INFO - [2022-07-28 14:49:56,745] {dag.py:2420} INFO - Sync 2 DAGs
[2022-07-28 14:49:56,776] {logging_mixin.py:115} INFO - [2022-07-28 14:49:56,776] {dag.py:2972} INFO - Setting next_dagrun for example_branch_datetime_operator to 2022-07-27T00:00:00+00:00, run_after=2022-07-28T00:00:00+00:00
[2022-07-28 14:49:56,779] {logging_mixin.py:115} INFO - [2022-07-28 14:49:56,779] {dag.py:2972} INFO - Setting next_dagrun for example_branch_datetime_operator_2 to 2022-07-27T00:00:00+00:00, run_after=2022-07-28T00:00:00+00:00
[2022-07-28 14:49:56,800] {processor.py:161} INFO - Processing /home/airflow/.local/lib/python3.7/site-packages/airflow/example_dags/example_branch_datetime_operator.py took 0.101 seconds
[2022-07-28 14:50:26,945] {processor.py:153} INFO - Started process (PID=691) to work on /home/airflow/.local/lib/python3.7/site-packages/airflow/example_dags/example_branch_datetime_operator.py
[2022-07-28 14:50:26,946] {processor.py:641} INFO - Processing file /home/airflow/.local/lib/python3.7/site-packages/airflow/example_dags/example_branch_datetime_operator.py for tasks to queue
[2022-07-28 14:50:26,948] {logging_mixin.py:115} INFO - [2022-07-28 14:50:26,947] {dagbag.py:508} INFO - Filling up the DagBag from /home/airflow/.local/lib/python3.7/site-packages/airflow/example_dags/example_branch_datetime_operator.py
[2022-07-28 14:50:26,963] {processor.py:651} INFO - DAG(s) dict_keys(['example_branch_datetime_operator', 'example_branch_datetime_operator_2']) retrieved from /home/airflow/.local/lib/python3.7/site-packages/airflow/example_dags/example_branch_datetime_operator.py
[2022-07-28 14:50:27,004] {logging_mixin.py:115} INFO - [2022-07-28 14:50:27,004] {dag.py:2420} INFO - Sync 2 DAGs
[2022-07-28 14:50:27,042] {logging_mixin.py:115} INFO - [2022-07-28 14:50:27,042] {dag.py:2972} INFO - Setting next_dagrun for example_branch_datetime_operator to 2022-07-27T00:00:00+00:00, run_after=2022-07-28T00:00:00+00:00
[2022-07-28 14:50:27,046] {logging_mixin.py:115} INFO - [2022-07-28 14:50:27,046] {dag.py:2972} INFO - Setting next_dagrun for example_branch_datetime_operator_2 to 2022-07-27T00:00:00+00:00, run_after=2022-07-28T00:00:00+00:00
[2022-07-28 14:50:27,073] {processor.py:161} INFO - Processing /home/airflow/.local/lib/python3.7/site-packages/airflow/example_dags/example_branch_datetime_operator.py took 0.133 seconds
[2022-07-28 14:50:57,561] {processor.py:153} INFO - Started process (PID=890) to work on /home/airflow/.local/lib/python3.7/site-packages/airflow/example_dags/example_branch_datetime_operator.py
[2022-07-28 14:50:57,562] {processor.py:641} INFO - Processing file /home/airflow/.local/lib/python3.7/site-packages/airflow/example_dags/example_branch_datetime_operator.py for tasks to queue
[2022-07-28 14:50:57,563] {logging_mixin.py:115} INFO - [2022-07-28 14:50:57,563] {dagbag.py:508} INFO - Filling up the DagBag from /home/airflow/.local/lib/python3.7/site-packages/airflow/example_dags/example_branch_datetime_operator.py
[2022-07-28 14:50:57,575] {processor.py:651} INFO - DAG(s) dict_keys(['example_branch_datetime_operator', 'example_branch_datetime_operator_2']) retrieved from /home/airflow/.local/lib/python3.7/site-packages/airflow/example_dags/example_branch_datetime_operator.py
[2022-07-28 14:50:57,607] {logging_mixin.py:115} INFO - [2022-07-28 14:50:57,607] {dag.py:2420} INFO - Sync 2 DAGs
[2022-07-28 14:50:57,639] {logging_mixin.py:115} INFO - [2022-07-28 14:50:57,639] {dag.py:2972} INFO - Setting next_dagrun for example_branch_datetime_operator to 2022-07-27T00:00:00+00:00, run_after=2022-07-28T00:00:00+00:00
[2022-07-28 14:50:57,642] {logging_mixin.py:115} INFO - [2022-07-28 14:50:57,642] {dag.py:2972} INFO - Setting next_dagrun for example_branch_datetime_operator_2 to 2022-07-27T00:00:00+00:00, run_after=2022-07-28T00:00:00+00:00
[2022-07-28 14:50:57,671] {processor.py:161} INFO - Processing /home/airflow/.local/lib/python3.7/site-packages/airflow/example_dags/example_branch_datetime_operator.py took 0.114 seconds
[2022-07-28 14:51:27,900] {processor.py:153} INFO - Started process (PID=1083) to work on /home/airflow/.local/lib/python3.7/site-packages/airflow/example_dags/example_branch_datetime_operator.py
[2022-07-28 14:51:27,901] {processor.py:641} INFO - Processing file /home/airflow/.local/lib/python3.7/site-packages/airflow/example_dags/example_branch_datetime_operator.py for tasks to queue
[2022-07-28 14:51:27,902] {logging_mixin.py:115} INFO - [2022-07-28 14:51:27,902] {dagbag.py:508} INFO - Filling up the DagBag from /home/airflow/.local/lib/python3.7/site-packages/airflow/example_dags/example_branch_datetime_operator.py
[2022-07-28 14:51:27,910] {processor.py:651} INFO - DAG(s) dict_keys(['example_branch_datetime_operator', 'example_branch_datetime_operator_2']) retrieved from /home/airflow/.local/lib/python3.7/site-packages/airflow/example_dags/example_branch_datetime_operator.py
[2022-07-28 14:51:27,938] {logging_mixin.py:115} INFO - [2022-07-28 14:51:27,938] {dag.py:2420} INFO - Sync 2 DAGs
[2022-07-28 14:51:27,963] {logging_mixin.py:115} INFO - [2022-07-28 14:51:27,963] {dag.py:2972} INFO - Setting next_dagrun for example_branch_datetime_operator to 2022-07-27T00:00:00+00:00, run_after=2022-07-28T00:00:00+00:00
[2022-07-28 14:51:27,966] {logging_mixin.py:115} INFO - [2022-07-28 14:51:27,966] {dag.py:2972} INFO - Setting next_dagrun for example_branch_datetime_operator_2 to 2022-07-27T00:00:00+00:00, run_after=2022-07-28T00:00:00+00:00
[2022-07-28 14:51:27,979] {processor.py:161} INFO - Processing /home/airflow/.local/lib/python3.7/site-packages/airflow/example_dags/example_branch_datetime_operator.py took 0.082 seconds
[2022-07-28 14:51:58,920] {processor.py:153} INFO - Started process (PID=1285) to work on /home/airflow/.local/lib/python3.7/site-packages/airflow/example_dags/example_branch_datetime_operator.py
[2022-07-28 14:51:58,921] {processor.py:641} INFO - Processing file /home/airflow/.local/lib/python3.7/site-packages/airflow/example_dags/example_branch_datetime_operator.py for tasks to queue
[2022-07-28 14:51:58,922] {logging_mixin.py:115} INFO - [2022-07-28 14:51:58,922] {dagbag.py:508} INFO - Filling up the DagBag from /home/airflow/.local/lib/python3.7/site-packages/airflow/example_dags/example_branch_datetime_operator.py
[2022-07-28 14:51:58,937] {processor.py:651} INFO - DAG(s) dict_keys(['example_branch_datetime_operator', 'example_branch_datetime_operator_2']) retrieved from /home/airflow/.local/lib/python3.7/site-packages/airflow/example_dags/example_branch_datetime_operator.py
[2022-07-28 14:51:58,977] {logging_mixin.py:115} INFO - [2022-07-28 14:51:58,977] {dag.py:2420} INFO - Sync 2 DAGs
[2022-07-28 14:51:59,024] {logging_mixin.py:115} INFO - [2022-07-28 14:51:59,024] {dag.py:2972} INFO - Setting next_dagrun for example_branch_datetime_operator to 2022-07-27T00:00:00+00:00, run_after=2022-07-28T00:00:00+00:00
[2022-07-28 14:51:59,029] {logging_mixin.py:115} INFO - [2022-07-28 14:51:59,029] {dag.py:2972} INFO - Setting next_dagrun for example_branch_datetime_operator_2 to 2022-07-27T00:00:00+00:00, run_after=2022-07-28T00:00:00+00:00
[2022-07-28 14:51:59,059] {processor.py:161} INFO - Processing /home/airflow/.local/lib/python3.7/site-packages/airflow/example_dags/example_branch_datetime_operator.py took 0.144 seconds
