[2022-07-28 14:49:25,270] {processor.py:153} INFO - Started process (PID=258) to work on /home/airflow/.local/lib/python3.7/site-packages/airflow/example_dags/example_python_operator.py
[2022-07-28 14:49:25,271] {processor.py:641} INFO - Processing file /home/airflow/.local/lib/python3.7/site-packages/airflow/example_dags/example_python_operator.py for tasks to queue
[2022-07-28 14:49:25,271] {logging_mixin.py:115} INFO - [2022-07-28 14:49:25,271] {dagbag.py:508} INFO - Filling up the DagBag from /home/airflow/.local/lib/python3.7/site-packages/airflow/example_dags/example_python_operator.py
[2022-07-28 14:49:25,293] {processor.py:651} INFO - DAG(s) dict_keys(['example_python_operator']) retrieved from /home/airflow/.local/lib/python3.7/site-packages/airflow/example_dags/example_python_operator.py
[2022-07-28 14:49:25,373] {logging_mixin.py:115} INFO - [2022-07-28 14:49:25,373] {manager.py:508} INFO - Created Permission View: can edit on DAG:example_python_operator
[2022-07-28 14:49:25,385] {logging_mixin.py:115} INFO - [2022-07-28 14:49:25,385] {manager.py:508} INFO - Created Permission View: can read on DAG:example_python_operator
[2022-07-28 14:49:25,392] {logging_mixin.py:115} INFO - [2022-07-28 14:49:25,392] {manager.py:508} INFO - Created Permission View: can delete on DAG:example_python_operator
[2022-07-28 14:49:25,393] {logging_mixin.py:115} INFO - [2022-07-28 14:49:25,393] {dag.py:2420} INFO - Sync 1 DAGs
[2022-07-28 14:49:25,402] {logging_mixin.py:115} INFO - [2022-07-28 14:49:25,402] {dag.py:2439} INFO - Creating ORM DAG for example_python_operator
[2022-07-28 14:49:25,414] {logging_mixin.py:115} INFO - [2022-07-28 14:49:25,414] {dag.py:2972} INFO - Setting next_dagrun for example_python_operator to None, run_after=None
[2022-07-28 14:49:25,429] {processor.py:161} INFO - Processing /home/airflow/.local/lib/python3.7/site-packages/airflow/example_dags/example_python_operator.py took 0.164 seconds
[2022-07-28 14:49:56,077] {processor.py:153} INFO - Started process (PID=453) to work on /home/airflow/.local/lib/python3.7/site-packages/airflow/example_dags/example_python_operator.py
[2022-07-28 14:49:56,079] {processor.py:641} INFO - Processing file /home/airflow/.local/lib/python3.7/site-packages/airflow/example_dags/example_python_operator.py for tasks to queue
[2022-07-28 14:49:56,080] {logging_mixin.py:115} INFO - [2022-07-28 14:49:56,080] {dagbag.py:508} INFO - Filling up the DagBag from /home/airflow/.local/lib/python3.7/site-packages/airflow/example_dags/example_python_operator.py
[2022-07-28 14:49:56,110] {processor.py:651} INFO - DAG(s) dict_keys(['example_python_operator']) retrieved from /home/airflow/.local/lib/python3.7/site-packages/airflow/example_dags/example_python_operator.py
[2022-07-28 14:49:56,138] {logging_mixin.py:115} INFO - [2022-07-28 14:49:56,138] {dag.py:2420} INFO - Sync 1 DAGs
[2022-07-28 14:49:56,156] {logging_mixin.py:115} INFO - [2022-07-28 14:49:56,156] {dag.py:2972} INFO - Setting next_dagrun for example_python_operator to None, run_after=None
[2022-07-28 14:49:56,184] {processor.py:161} INFO - Processing /home/airflow/.local/lib/python3.7/site-packages/airflow/example_dags/example_python_operator.py took 0.112 seconds
[2022-07-28 14:50:26,232] {processor.py:153} INFO - Started process (PID=654) to work on /home/airflow/.local/lib/python3.7/site-packages/airflow/example_dags/example_python_operator.py
[2022-07-28 14:50:26,234] {processor.py:641} INFO - Processing file /home/airflow/.local/lib/python3.7/site-packages/airflow/example_dags/example_python_operator.py for tasks to queue
[2022-07-28 14:50:26,235] {logging_mixin.py:115} INFO - [2022-07-28 14:50:26,235] {dagbag.py:508} INFO - Filling up the DagBag from /home/airflow/.local/lib/python3.7/site-packages/airflow/example_dags/example_python_operator.py
[2022-07-28 14:50:26,266] {processor.py:651} INFO - DAG(s) dict_keys(['example_python_operator']) retrieved from /home/airflow/.local/lib/python3.7/site-packages/airflow/example_dags/example_python_operator.py
[2022-07-28 14:50:26,318] {logging_mixin.py:115} INFO - [2022-07-28 14:50:26,317] {dag.py:2420} INFO - Sync 1 DAGs
[2022-07-28 14:50:26,362] {logging_mixin.py:115} INFO - [2022-07-28 14:50:26,362] {dag.py:2972} INFO - Setting next_dagrun for example_python_operator to None, run_after=None
[2022-07-28 14:50:26,386] {processor.py:161} INFO - Processing /home/airflow/.local/lib/python3.7/site-packages/airflow/example_dags/example_python_operator.py took 0.160 seconds
[2022-07-28 14:50:57,054] {processor.py:153} INFO - Started process (PID=857) to work on /home/airflow/.local/lib/python3.7/site-packages/airflow/example_dags/example_python_operator.py
[2022-07-28 14:50:57,055] {processor.py:641} INFO - Processing file /home/airflow/.local/lib/python3.7/site-packages/airflow/example_dags/example_python_operator.py for tasks to queue
[2022-07-28 14:50:57,055] {logging_mixin.py:115} INFO - [2022-07-28 14:50:57,055] {dagbag.py:508} INFO - Filling up the DagBag from /home/airflow/.local/lib/python3.7/site-packages/airflow/example_dags/example_python_operator.py
[2022-07-28 14:50:57,073] {processor.py:651} INFO - DAG(s) dict_keys(['example_python_operator']) retrieved from /home/airflow/.local/lib/python3.7/site-packages/airflow/example_dags/example_python_operator.py
[2022-07-28 14:50:57,106] {logging_mixin.py:115} INFO - [2022-07-28 14:50:57,106] {dag.py:2420} INFO - Sync 1 DAGs
[2022-07-28 14:50:57,130] {logging_mixin.py:115} INFO - [2022-07-28 14:50:57,130] {dag.py:2972} INFO - Setting next_dagrun for example_python_operator to None, run_after=None
[2022-07-28 14:50:57,155] {processor.py:161} INFO - Processing /home/airflow/.local/lib/python3.7/site-packages/airflow/example_dags/example_python_operator.py took 0.105 seconds
[2022-07-28 14:51:27,330] {processor.py:153} INFO - Started process (PID=1050) to work on /home/airflow/.local/lib/python3.7/site-packages/airflow/example_dags/example_python_operator.py
[2022-07-28 14:51:27,331] {processor.py:641} INFO - Processing file /home/airflow/.local/lib/python3.7/site-packages/airflow/example_dags/example_python_operator.py for tasks to queue
[2022-07-28 14:51:27,332] {logging_mixin.py:115} INFO - [2022-07-28 14:51:27,332] {dagbag.py:508} INFO - Filling up the DagBag from /home/airflow/.local/lib/python3.7/site-packages/airflow/example_dags/example_python_operator.py
[2022-07-28 14:51:27,349] {processor.py:651} INFO - DAG(s) dict_keys(['example_python_operator']) retrieved from /home/airflow/.local/lib/python3.7/site-packages/airflow/example_dags/example_python_operator.py
[2022-07-28 14:51:27,377] {logging_mixin.py:115} INFO - [2022-07-28 14:51:27,377] {dag.py:2420} INFO - Sync 1 DAGs
[2022-07-28 14:51:27,399] {logging_mixin.py:115} INFO - [2022-07-28 14:51:27,399] {dag.py:2972} INFO - Setting next_dagrun for example_python_operator to None, run_after=None
[2022-07-28 14:51:27,425] {processor.py:161} INFO - Processing /home/airflow/.local/lib/python3.7/site-packages/airflow/example_dags/example_python_operator.py took 0.097 seconds
[2022-07-28 14:51:58,382] {processor.py:153} INFO - Started process (PID=1250) to work on /home/airflow/.local/lib/python3.7/site-packages/airflow/example_dags/example_python_operator.py
[2022-07-28 14:51:58,383] {processor.py:641} INFO - Processing file /home/airflow/.local/lib/python3.7/site-packages/airflow/example_dags/example_python_operator.py for tasks to queue
[2022-07-28 14:51:58,385] {logging_mixin.py:115} INFO - [2022-07-28 14:51:58,385] {dagbag.py:508} INFO - Filling up the DagBag from /home/airflow/.local/lib/python3.7/site-packages/airflow/example_dags/example_python_operator.py
[2022-07-28 14:51:58,418] {processor.py:651} INFO - DAG(s) dict_keys(['example_python_operator']) retrieved from /home/airflow/.local/lib/python3.7/site-packages/airflow/example_dags/example_python_operator.py
[2022-07-28 14:51:58,469] {logging_mixin.py:115} INFO - [2022-07-28 14:51:58,469] {dag.py:2420} INFO - Sync 1 DAGs
[2022-07-28 14:51:58,511] {logging_mixin.py:115} INFO - [2022-07-28 14:51:58,511] {dag.py:2972} INFO - Setting next_dagrun for example_python_operator to None, run_after=None
[2022-07-28 14:51:58,542] {processor.py:161} INFO - Processing /home/airflow/.local/lib/python3.7/site-packages/airflow/example_dags/example_python_operator.py took 0.165 seconds
