[2022-07-28 14:49:23,237] {processor.py:153} INFO - Started process (PID=186) to work on /home/airflow/.local/lib/python3.7/site-packages/airflow/example_dags/example_short_circuit_operator.py
[2022-07-28 14:49:23,238] {processor.py:641} INFO - Processing file /home/airflow/.local/lib/python3.7/site-packages/airflow/example_dags/example_short_circuit_operator.py for tasks to queue
[2022-07-28 14:49:23,238] {logging_mixin.py:115} INFO - [2022-07-28 14:49:23,238] {dagbag.py:508} INFO - Filling up the DagBag from /home/airflow/.local/lib/python3.7/site-packages/airflow/example_dags/example_short_circuit_operator.py
[2022-07-28 14:49:23,250] {processor.py:651} INFO - DAG(s) dict_keys(['example_short_circuit_operator']) retrieved from /home/airflow/.local/lib/python3.7/site-packages/airflow/example_dags/example_short_circuit_operator.py
[2022-07-28 14:49:23,362] {logging_mixin.py:115} INFO - [2022-07-28 14:49:23,362] {manager.py:508} INFO - Created Permission View: can edit on DAG:example_short_circuit_operator
[2022-07-28 14:49:23,377] {logging_mixin.py:115} INFO - [2022-07-28 14:49:23,376] {manager.py:508} INFO - Created Permission View: can read on DAG:example_short_circuit_operator
[2022-07-28 14:49:23,387] {logging_mixin.py:115} INFO - [2022-07-28 14:49:23,387] {manager.py:508} INFO - Created Permission View: can delete on DAG:example_short_circuit_operator
[2022-07-28 14:49:23,388] {logging_mixin.py:115} INFO - [2022-07-28 14:49:23,388] {dag.py:2420} INFO - Sync 1 DAGs
[2022-07-28 14:49:23,401] {logging_mixin.py:115} INFO - [2022-07-28 14:49:23,401] {dag.py:2439} INFO - Creating ORM DAG for example_short_circuit_operator
[2022-07-28 14:49:23,415] {logging_mixin.py:115} INFO - [2022-07-28 14:49:23,415] {dag.py:2972} INFO - Setting next_dagrun for example_short_circuit_operator to 2022-07-27T14:49:23.414862+00:00, run_after=2022-07-28T14:49:23.414862+00:00
[2022-07-28 14:49:23,431] {processor.py:161} INFO - Processing /home/airflow/.local/lib/python3.7/site-packages/airflow/example_dags/example_short_circuit_operator.py took 0.198 seconds
[2022-07-28 14:49:53,878] {processor.py:153} INFO - Started process (PID=381) to work on /home/airflow/.local/lib/python3.7/site-packages/airflow/example_dags/example_short_circuit_operator.py
[2022-07-28 14:49:53,879] {processor.py:641} INFO - Processing file /home/airflow/.local/lib/python3.7/site-packages/airflow/example_dags/example_short_circuit_operator.py for tasks to queue
[2022-07-28 14:49:53,880] {logging_mixin.py:115} INFO - [2022-07-28 14:49:53,880] {dagbag.py:508} INFO - Filling up the DagBag from /home/airflow/.local/lib/python3.7/site-packages/airflow/example_dags/example_short_circuit_operator.py
[2022-07-28 14:49:53,892] {processor.py:651} INFO - DAG(s) dict_keys(['example_short_circuit_operator']) retrieved from /home/airflow/.local/lib/python3.7/site-packages/airflow/example_dags/example_short_circuit_operator.py
[2022-07-28 14:49:53,920] {logging_mixin.py:115} INFO - [2022-07-28 14:49:53,920] {dag.py:2420} INFO - Sync 1 DAGs
[2022-07-28 14:49:53,946] {logging_mixin.py:115} INFO - [2022-07-28 14:49:53,946] {dag.py:2972} INFO - Setting next_dagrun for example_short_circuit_operator to 2022-07-27T14:49:53.946528+00:00, run_after=2022-07-28T14:49:53.946528+00:00
[2022-07-28 14:49:53,966] {processor.py:161} INFO - Processing /home/airflow/.local/lib/python3.7/site-packages/airflow/example_dags/example_short_circuit_operator.py took 0.092 seconds
[2022-07-28 14:50:24,067] {processor.py:153} INFO - Started process (PID=581) to work on /home/airflow/.local/lib/python3.7/site-packages/airflow/example_dags/example_short_circuit_operator.py
[2022-07-28 14:50:24,068] {processor.py:641} INFO - Processing file /home/airflow/.local/lib/python3.7/site-packages/airflow/example_dags/example_short_circuit_operator.py for tasks to queue
[2022-07-28 14:50:24,070] {logging_mixin.py:115} INFO - [2022-07-28 14:50:24,070] {dagbag.py:508} INFO - Filling up the DagBag from /home/airflow/.local/lib/python3.7/site-packages/airflow/example_dags/example_short_circuit_operator.py
[2022-07-28 14:50:24,087] {processor.py:651} INFO - DAG(s) dict_keys(['example_short_circuit_operator']) retrieved from /home/airflow/.local/lib/python3.7/site-packages/airflow/example_dags/example_short_circuit_operator.py
[2022-07-28 14:50:24,126] {logging_mixin.py:115} INFO - [2022-07-28 14:50:24,125] {dag.py:2420} INFO - Sync 1 DAGs
[2022-07-28 14:50:24,159] {logging_mixin.py:115} INFO - [2022-07-28 14:50:24,159] {dag.py:2972} INFO - Setting next_dagrun for example_short_circuit_operator to 2022-07-27T14:50:24.159064+00:00, run_after=2022-07-28T14:50:24.159064+00:00
[2022-07-28 14:50:24,178] {processor.py:161} INFO - Processing /home/airflow/.local/lib/python3.7/site-packages/airflow/example_dags/example_short_circuit_operator.py took 0.116 seconds
[2022-07-28 14:50:54,303] {processor.py:153} INFO - Started process (PID=770) to work on /home/airflow/.local/lib/python3.7/site-packages/airflow/example_dags/example_short_circuit_operator.py
[2022-07-28 14:50:54,304] {processor.py:641} INFO - Processing file /home/airflow/.local/lib/python3.7/site-packages/airflow/example_dags/example_short_circuit_operator.py for tasks to queue
[2022-07-28 14:50:54,306] {logging_mixin.py:115} INFO - [2022-07-28 14:50:54,305] {dagbag.py:508} INFO - Filling up the DagBag from /home/airflow/.local/lib/python3.7/site-packages/airflow/example_dags/example_short_circuit_operator.py
[2022-07-28 14:50:54,315] {processor.py:651} INFO - DAG(s) dict_keys(['example_short_circuit_operator']) retrieved from /home/airflow/.local/lib/python3.7/site-packages/airflow/example_dags/example_short_circuit_operator.py
[2022-07-28 14:50:54,430] {logging_mixin.py:115} INFO - [2022-07-28 14:50:54,430] {dag.py:2420} INFO - Sync 1 DAGs
[2022-07-28 14:50:54,501] {logging_mixin.py:115} INFO - [2022-07-28 14:50:54,500] {dag.py:2972} INFO - Setting next_dagrun for example_short_circuit_operator to 2022-07-27T14:50:54.500525+00:00, run_after=2022-07-28T14:50:54.500525+00:00
[2022-07-28 14:50:54,524] {processor.py:161} INFO - Processing /home/airflow/.local/lib/python3.7/site-packages/airflow/example_dags/example_short_circuit_operator.py took 0.225 seconds
[2022-07-28 14:51:24,598] {processor.py:153} INFO - Started process (PID=973) to work on /home/airflow/.local/lib/python3.7/site-packages/airflow/example_dags/example_short_circuit_operator.py
[2022-07-28 14:51:24,599] {processor.py:641} INFO - Processing file /home/airflow/.local/lib/python3.7/site-packages/airflow/example_dags/example_short_circuit_operator.py for tasks to queue
[2022-07-28 14:51:24,600] {logging_mixin.py:115} INFO - [2022-07-28 14:51:24,600] {dagbag.py:508} INFO - Filling up the DagBag from /home/airflow/.local/lib/python3.7/site-packages/airflow/example_dags/example_short_circuit_operator.py
[2022-07-28 14:51:24,612] {processor.py:651} INFO - DAG(s) dict_keys(['example_short_circuit_operator']) retrieved from /home/airflow/.local/lib/python3.7/site-packages/airflow/example_dags/example_short_circuit_operator.py
[2022-07-28 14:51:24,647] {logging_mixin.py:115} INFO - [2022-07-28 14:51:24,647] {dag.py:2420} INFO - Sync 1 DAGs
[2022-07-28 14:51:24,698] {logging_mixin.py:115} INFO - [2022-07-28 14:51:24,698] {dag.py:2972} INFO - Setting next_dagrun for example_short_circuit_operator to 2022-07-27T14:51:24.698002+00:00, run_after=2022-07-28T14:51:24.698002+00:00
[2022-07-28 14:51:24,730] {processor.py:161} INFO - Processing /home/airflow/.local/lib/python3.7/site-packages/airflow/example_dags/example_short_circuit_operator.py took 0.135 seconds
[2022-07-28 14:51:54,920] {processor.py:153} INFO - Started process (PID=1165) to work on /home/airflow/.local/lib/python3.7/site-packages/airflow/example_dags/example_short_circuit_operator.py
[2022-07-28 14:51:54,922] {processor.py:641} INFO - Processing file /home/airflow/.local/lib/python3.7/site-packages/airflow/example_dags/example_short_circuit_operator.py for tasks to queue
[2022-07-28 14:51:54,923] {logging_mixin.py:115} INFO - [2022-07-28 14:51:54,923] {dagbag.py:508} INFO - Filling up the DagBag from /home/airflow/.local/lib/python3.7/site-packages/airflow/example_dags/example_short_circuit_operator.py
[2022-07-28 14:51:54,933] {processor.py:651} INFO - DAG(s) dict_keys(['example_short_circuit_operator']) retrieved from /home/airflow/.local/lib/python3.7/site-packages/airflow/example_dags/example_short_circuit_operator.py
[2022-07-28 14:51:54,964] {logging_mixin.py:115} INFO - [2022-07-28 14:51:54,963] {dag.py:2420} INFO - Sync 1 DAGs
[2022-07-28 14:51:54,994] {logging_mixin.py:115} INFO - [2022-07-28 14:51:54,994] {dag.py:2972} INFO - Setting next_dagrun for example_short_circuit_operator to 2022-07-27T14:51:54.994443+00:00, run_after=2022-07-28T14:51:54.994443+00:00
[2022-07-28 14:51:55,011] {processor.py:161} INFO - Processing /home/airflow/.local/lib/python3.7/site-packages/airflow/example_dags/example_short_circuit_operator.py took 0.095 seconds
