[2022-07-28 14:49:25,947] {processor.py:153} INFO - Started process (PID=288) to work on /home/airflow/.local/lib/python3.7/site-packages/airflow/example_dags/example_bash_operator.py
[2022-07-28 14:49:25,948] {processor.py:641} INFO - Processing file /home/airflow/.local/lib/python3.7/site-packages/airflow/example_dags/example_bash_operator.py for tasks to queue
[2022-07-28 14:49:25,949] {logging_mixin.py:115} INFO - [2022-07-28 14:49:25,949] {dagbag.py:508} INFO - Filling up the DagBag from /home/airflow/.local/lib/python3.7/site-packages/airflow/example_dags/example_bash_operator.py
[2022-07-28 14:49:25,968] {processor.py:651} INFO - DAG(s) dict_keys(['example_bash_operator']) retrieved from /home/airflow/.local/lib/python3.7/site-packages/airflow/example_dags/example_bash_operator.py
[2022-07-28 14:49:26,066] {logging_mixin.py:115} INFO - [2022-07-28 14:49:26,066] {manager.py:508} INFO - Created Permission View: can edit on DAG:example_bash_operator
[2022-07-28 14:49:26,077] {logging_mixin.py:115} INFO - [2022-07-28 14:49:26,077] {manager.py:508} INFO - Created Permission View: can read on DAG:example_bash_operator
[2022-07-28 14:49:26,089] {logging_mixin.py:115} INFO - [2022-07-28 14:49:26,089] {manager.py:508} INFO - Created Permission View: can delete on DAG:example_bash_operator
[2022-07-28 14:49:26,090] {logging_mixin.py:115} INFO - [2022-07-28 14:49:26,090] {dag.py:2420} INFO - Sync 1 DAGs
[2022-07-28 14:49:26,102] {logging_mixin.py:115} INFO - [2022-07-28 14:49:26,102] {dag.py:2439} INFO - Creating ORM DAG for example_bash_operator
[2022-07-28 14:49:26,122] {logging_mixin.py:115} INFO - [2022-07-28 14:49:26,122] {dag.py:2972} INFO - Setting next_dagrun for example_bash_operator to 2022-07-27T00:00:00+00:00, run_after=2022-07-28T00:00:00+00:00
[2022-07-28 14:49:26,158] {processor.py:161} INFO - Processing /home/airflow/.local/lib/python3.7/site-packages/airflow/example_dags/example_bash_operator.py took 0.217 seconds
[2022-07-28 14:49:56,549] {processor.py:153} INFO - Started process (PID=481) to work on /home/airflow/.local/lib/python3.7/site-packages/airflow/example_dags/example_bash_operator.py
[2022-07-28 14:49:56,551] {processor.py:641} INFO - Processing file /home/airflow/.local/lib/python3.7/site-packages/airflow/example_dags/example_bash_operator.py for tasks to queue
[2022-07-28 14:49:56,552] {logging_mixin.py:115} INFO - [2022-07-28 14:49:56,552] {dagbag.py:508} INFO - Filling up the DagBag from /home/airflow/.local/lib/python3.7/site-packages/airflow/example_dags/example_bash_operator.py
[2022-07-28 14:49:56,578] {processor.py:651} INFO - DAG(s) dict_keys(['example_bash_operator']) retrieved from /home/airflow/.local/lib/python3.7/site-packages/airflow/example_dags/example_bash_operator.py
[2022-07-28 14:49:56,627] {logging_mixin.py:115} INFO - [2022-07-28 14:49:56,627] {dag.py:2420} INFO - Sync 1 DAGs
[2022-07-28 14:49:56,659] {logging_mixin.py:115} INFO - [2022-07-28 14:49:56,659] {dag.py:2972} INFO - Setting next_dagrun for example_bash_operator to 2022-07-27T00:00:00+00:00, run_after=2022-07-28T00:00:00+00:00
[2022-07-28 14:49:56,671] {processor.py:161} INFO - Processing /home/airflow/.local/lib/python3.7/site-packages/airflow/example_dags/example_bash_operator.py took 0.127 seconds
[2022-07-28 14:50:26,828] {processor.py:153} INFO - Started process (PID=684) to work on /home/airflow/.local/lib/python3.7/site-packages/airflow/example_dags/example_bash_operator.py
[2022-07-28 14:50:26,829] {processor.py:641} INFO - Processing file /home/airflow/.local/lib/python3.7/site-packages/airflow/example_dags/example_bash_operator.py for tasks to queue
[2022-07-28 14:50:26,830] {logging_mixin.py:115} INFO - [2022-07-28 14:50:26,829] {dagbag.py:508} INFO - Filling up the DagBag from /home/airflow/.local/lib/python3.7/site-packages/airflow/example_dags/example_bash_operator.py
[2022-07-28 14:50:26,842] {processor.py:651} INFO - DAG(s) dict_keys(['example_bash_operator']) retrieved from /home/airflow/.local/lib/python3.7/site-packages/airflow/example_dags/example_bash_operator.py
[2022-07-28 14:50:26,868] {logging_mixin.py:115} INFO - [2022-07-28 14:50:26,868] {dag.py:2420} INFO - Sync 1 DAGs
[2022-07-28 14:50:26,892] {logging_mixin.py:115} INFO - [2022-07-28 14:50:26,892] {dag.py:2972} INFO - Setting next_dagrun for example_bash_operator to 2022-07-27T00:00:00+00:00, run_after=2022-07-28T00:00:00+00:00
[2022-07-28 14:50:26,904] {processor.py:161} INFO - Processing /home/airflow/.local/lib/python3.7/site-packages/airflow/example_dags/example_bash_operator.py took 0.079 seconds
[2022-07-28 14:50:57,469] {processor.py:153} INFO - Started process (PID=885) to work on /home/airflow/.local/lib/python3.7/site-packages/airflow/example_dags/example_bash_operator.py
[2022-07-28 14:50:57,469] {processor.py:641} INFO - Processing file /home/airflow/.local/lib/python3.7/site-packages/airflow/example_dags/example_bash_operator.py for tasks to queue
[2022-07-28 14:50:57,470] {logging_mixin.py:115} INFO - [2022-07-28 14:50:57,470] {dagbag.py:508} INFO - Filling up the DagBag from /home/airflow/.local/lib/python3.7/site-packages/airflow/example_dags/example_bash_operator.py
[2022-07-28 14:50:57,483] {processor.py:651} INFO - DAG(s) dict_keys(['example_bash_operator']) retrieved from /home/airflow/.local/lib/python3.7/site-packages/airflow/example_dags/example_bash_operator.py
[2022-07-28 14:50:57,513] {logging_mixin.py:115} INFO - [2022-07-28 14:50:57,513] {dag.py:2420} INFO - Sync 1 DAGs
[2022-07-28 14:50:57,547] {logging_mixin.py:115} INFO - [2022-07-28 14:50:57,547] {dag.py:2972} INFO - Setting next_dagrun for example_bash_operator to 2022-07-27T00:00:00+00:00, run_after=2022-07-28T00:00:00+00:00
[2022-07-28 14:50:57,563] {processor.py:161} INFO - Processing /home/airflow/.local/lib/python3.7/site-packages/airflow/example_dags/example_bash_operator.py took 0.098 seconds
[2022-07-28 14:51:27,881] {processor.py:153} INFO - Started process (PID=1078) to work on /home/airflow/.local/lib/python3.7/site-packages/airflow/example_dags/example_bash_operator.py
[2022-07-28 14:51:27,882] {processor.py:641} INFO - Processing file /home/airflow/.local/lib/python3.7/site-packages/airflow/example_dags/example_bash_operator.py for tasks to queue
[2022-07-28 14:51:27,883] {logging_mixin.py:115} INFO - [2022-07-28 14:51:27,883] {dagbag.py:508} INFO - Filling up the DagBag from /home/airflow/.local/lib/python3.7/site-packages/airflow/example_dags/example_bash_operator.py
[2022-07-28 14:51:27,894] {processor.py:651} INFO - DAG(s) dict_keys(['example_bash_operator']) retrieved from /home/airflow/.local/lib/python3.7/site-packages/airflow/example_dags/example_bash_operator.py
[2022-07-28 14:51:27,918] {logging_mixin.py:115} INFO - [2022-07-28 14:51:27,918] {dag.py:2420} INFO - Sync 1 DAGs
[2022-07-28 14:51:27,942] {logging_mixin.py:115} INFO - [2022-07-28 14:51:27,942] {dag.py:2972} INFO - Setting next_dagrun for example_bash_operator to 2022-07-27T00:00:00+00:00, run_after=2022-07-28T00:00:00+00:00
[2022-07-28 14:51:27,971] {processor.py:161} INFO - Processing /home/airflow/.local/lib/python3.7/site-packages/airflow/example_dags/example_bash_operator.py took 0.092 seconds
[2022-07-28 14:51:58,882] {processor.py:153} INFO - Started process (PID=1280) to work on /home/airflow/.local/lib/python3.7/site-packages/airflow/example_dags/example_bash_operator.py
[2022-07-28 14:51:58,883] {processor.py:641} INFO - Processing file /home/airflow/.local/lib/python3.7/site-packages/airflow/example_dags/example_bash_operator.py for tasks to queue
[2022-07-28 14:51:58,885] {logging_mixin.py:115} INFO - [2022-07-28 14:51:58,885] {dagbag.py:508} INFO - Filling up the DagBag from /home/airflow/.local/lib/python3.7/site-packages/airflow/example_dags/example_bash_operator.py
[2022-07-28 14:51:58,907] {processor.py:651} INFO - DAG(s) dict_keys(['example_bash_operator']) retrieved from /home/airflow/.local/lib/python3.7/site-packages/airflow/example_dags/example_bash_operator.py
[2022-07-28 14:51:58,942] {logging_mixin.py:115} INFO - [2022-07-28 14:51:58,942] {dag.py:2420} INFO - Sync 1 DAGs
[2022-07-28 14:51:58,982] {logging_mixin.py:115} INFO - [2022-07-28 14:51:58,982] {dag.py:2972} INFO - Setting next_dagrun for example_bash_operator to 2022-07-27T00:00:00+00:00, run_after=2022-07-28T00:00:00+00:00
[2022-07-28 14:51:59,002] {processor.py:161} INFO - Processing /home/airflow/.local/lib/python3.7/site-packages/airflow/example_dags/example_bash_operator.py took 0.126 seconds
