[2022-07-28 14:49:25,782] {processor.py:153} INFO - Started process (PID=283) to work on /home/airflow/.local/lib/python3.7/site-packages/airflow/example_dags/example_time_delta_sensor_async.py
[2022-07-28 14:49:25,783] {processor.py:641} INFO - Processing file /home/airflow/.local/lib/python3.7/site-packages/airflow/example_dags/example_time_delta_sensor_async.py for tasks to queue
[2022-07-28 14:49:25,784] {logging_mixin.py:115} INFO - [2022-07-28 14:49:25,784] {dagbag.py:508} INFO - Filling up the DagBag from /home/airflow/.local/lib/python3.7/site-packages/airflow/example_dags/example_time_delta_sensor_async.py
[2022-07-28 14:49:25,806] {processor.py:651} INFO - DAG(s) dict_keys(['example_time_delta_sensor_async']) retrieved from /home/airflow/.local/lib/python3.7/site-packages/airflow/example_dags/example_time_delta_sensor_async.py
[2022-07-28 14:49:25,946] {logging_mixin.py:115} INFO - [2022-07-28 14:49:25,946] {manager.py:508} INFO - Created Permission View: can edit on DAG:example_time_delta_sensor_async
[2022-07-28 14:49:25,957] {logging_mixin.py:115} INFO - [2022-07-28 14:49:25,957] {manager.py:508} INFO - Created Permission View: can read on DAG:example_time_delta_sensor_async
[2022-07-28 14:49:25,966] {logging_mixin.py:115} INFO - [2022-07-28 14:49:25,966] {manager.py:508} INFO - Created Permission View: can delete on DAG:example_time_delta_sensor_async
[2022-07-28 14:49:25,967] {logging_mixin.py:115} INFO - [2022-07-28 14:49:25,967] {dag.py:2420} INFO - Sync 1 DAGs
[2022-07-28 14:49:25,978] {logging_mixin.py:115} INFO - [2022-07-28 14:49:25,978] {dag.py:2439} INFO - Creating ORM DAG for example_time_delta_sensor_async
[2022-07-28 14:49:25,994] {logging_mixin.py:115} INFO - [2022-07-28 14:49:25,994] {dag.py:2972} INFO - Setting next_dagrun for example_time_delta_sensor_async to None, run_after=None
[2022-07-28 14:49:26,031] {processor.py:161} INFO - Processing /home/airflow/.local/lib/python3.7/site-packages/airflow/example_dags/example_time_delta_sensor_async.py took 0.253 seconds
[2022-07-28 14:49:56,507] {processor.py:153} INFO - Started process (PID=476) to work on /home/airflow/.local/lib/python3.7/site-packages/airflow/example_dags/example_time_delta_sensor_async.py
[2022-07-28 14:49:56,508] {processor.py:641} INFO - Processing file /home/airflow/.local/lib/python3.7/site-packages/airflow/example_dags/example_time_delta_sensor_async.py for tasks to queue
[2022-07-28 14:49:56,509] {logging_mixin.py:115} INFO - [2022-07-28 14:49:56,509] {dagbag.py:508} INFO - Filling up the DagBag from /home/airflow/.local/lib/python3.7/site-packages/airflow/example_dags/example_time_delta_sensor_async.py
[2022-07-28 14:49:56,516] {processor.py:651} INFO - DAG(s) dict_keys(['example_time_delta_sensor_async']) retrieved from /home/airflow/.local/lib/python3.7/site-packages/airflow/example_dags/example_time_delta_sensor_async.py
[2022-07-28 14:49:56,601] {logging_mixin.py:115} INFO - [2022-07-28 14:49:56,601] {dag.py:2420} INFO - Sync 1 DAGs
[2022-07-28 14:49:56,642] {logging_mixin.py:115} INFO - [2022-07-28 14:49:56,642] {dag.py:2972} INFO - Setting next_dagrun for example_time_delta_sensor_async to None, run_after=None
[2022-07-28 14:49:56,667] {processor.py:161} INFO - Processing /home/airflow/.local/lib/python3.7/site-packages/airflow/example_dags/example_time_delta_sensor_async.py took 0.164 seconds
[2022-07-28 14:50:26,813] {processor.py:153} INFO - Started process (PID=679) to work on /home/airflow/.local/lib/python3.7/site-packages/airflow/example_dags/example_time_delta_sensor_async.py
[2022-07-28 14:50:26,814] {processor.py:641} INFO - Processing file /home/airflow/.local/lib/python3.7/site-packages/airflow/example_dags/example_time_delta_sensor_async.py for tasks to queue
[2022-07-28 14:50:26,815] {logging_mixin.py:115} INFO - [2022-07-28 14:50:26,815] {dagbag.py:508} INFO - Filling up the DagBag from /home/airflow/.local/lib/python3.7/site-packages/airflow/example_dags/example_time_delta_sensor_async.py
[2022-07-28 14:50:26,820] {processor.py:651} INFO - DAG(s) dict_keys(['example_time_delta_sensor_async']) retrieved from /home/airflow/.local/lib/python3.7/site-packages/airflow/example_dags/example_time_delta_sensor_async.py
[2022-07-28 14:50:26,866] {logging_mixin.py:115} INFO - [2022-07-28 14:50:26,866] {dag.py:2420} INFO - Sync 1 DAGs
[2022-07-28 14:50:26,890] {logging_mixin.py:115} INFO - [2022-07-28 14:50:26,890] {dag.py:2972} INFO - Setting next_dagrun for example_time_delta_sensor_async to None, run_after=None
[2022-07-28 14:50:26,901] {processor.py:161} INFO - Processing /home/airflow/.local/lib/python3.7/site-packages/airflow/example_dags/example_time_delta_sensor_async.py took 0.091 seconds
[2022-07-28 14:50:57,432] {processor.py:153} INFO - Started process (PID=880) to work on /home/airflow/.local/lib/python3.7/site-packages/airflow/example_dags/example_time_delta_sensor_async.py
[2022-07-28 14:50:57,433] {processor.py:641} INFO - Processing file /home/airflow/.local/lib/python3.7/site-packages/airflow/example_dags/example_time_delta_sensor_async.py for tasks to queue
[2022-07-28 14:50:57,434] {logging_mixin.py:115} INFO - [2022-07-28 14:50:57,434] {dagbag.py:508} INFO - Filling up the DagBag from /home/airflow/.local/lib/python3.7/site-packages/airflow/example_dags/example_time_delta_sensor_async.py
[2022-07-28 14:50:57,440] {processor.py:651} INFO - DAG(s) dict_keys(['example_time_delta_sensor_async']) retrieved from /home/airflow/.local/lib/python3.7/site-packages/airflow/example_dags/example_time_delta_sensor_async.py
[2022-07-28 14:50:57,483] {logging_mixin.py:115} INFO - [2022-07-28 14:50:57,483] {dag.py:2420} INFO - Sync 1 DAGs
[2022-07-28 14:50:57,511] {logging_mixin.py:115} INFO - [2022-07-28 14:50:57,511] {dag.py:2972} INFO - Setting next_dagrun for example_time_delta_sensor_async to None, run_after=None
[2022-07-28 14:50:57,535] {processor.py:161} INFO - Processing /home/airflow/.local/lib/python3.7/site-packages/airflow/example_dags/example_time_delta_sensor_async.py took 0.105 seconds
[2022-07-28 14:51:27,779] {processor.py:153} INFO - Started process (PID=1073) to work on /home/airflow/.local/lib/python3.7/site-packages/airflow/example_dags/example_time_delta_sensor_async.py
[2022-07-28 14:51:27,780] {processor.py:641} INFO - Processing file /home/airflow/.local/lib/python3.7/site-packages/airflow/example_dags/example_time_delta_sensor_async.py for tasks to queue
[2022-07-28 14:51:27,781] {logging_mixin.py:115} INFO - [2022-07-28 14:51:27,781] {dagbag.py:508} INFO - Filling up the DagBag from /home/airflow/.local/lib/python3.7/site-packages/airflow/example_dags/example_time_delta_sensor_async.py
[2022-07-28 14:51:27,786] {processor.py:651} INFO - DAG(s) dict_keys(['example_time_delta_sensor_async']) retrieved from /home/airflow/.local/lib/python3.7/site-packages/airflow/example_dags/example_time_delta_sensor_async.py
[2022-07-28 14:51:27,834] {logging_mixin.py:115} INFO - [2022-07-28 14:51:27,834] {dag.py:2420} INFO - Sync 1 DAGs
[2022-07-28 14:51:27,857] {logging_mixin.py:115} INFO - [2022-07-28 14:51:27,857] {dag.py:2972} INFO - Setting next_dagrun for example_time_delta_sensor_async to None, run_after=None
[2022-07-28 14:51:27,870] {processor.py:161} INFO - Processing /home/airflow/.local/lib/python3.7/site-packages/airflow/example_dags/example_time_delta_sensor_async.py took 0.094 seconds
[2022-07-28 14:51:58,749] {processor.py:153} INFO - Started process (PID=1275) to work on /home/airflow/.local/lib/python3.7/site-packages/airflow/example_dags/example_time_delta_sensor_async.py
[2022-07-28 14:51:58,750] {processor.py:641} INFO - Processing file /home/airflow/.local/lib/python3.7/site-packages/airflow/example_dags/example_time_delta_sensor_async.py for tasks to queue
[2022-07-28 14:51:58,751] {logging_mixin.py:115} INFO - [2022-07-28 14:51:58,751] {dagbag.py:508} INFO - Filling up the DagBag from /home/airflow/.local/lib/python3.7/site-packages/airflow/example_dags/example_time_delta_sensor_async.py
[2022-07-28 14:51:58,757] {processor.py:651} INFO - DAG(s) dict_keys(['example_time_delta_sensor_async']) retrieved from /home/airflow/.local/lib/python3.7/site-packages/airflow/example_dags/example_time_delta_sensor_async.py
[2022-07-28 14:51:58,816] {logging_mixin.py:115} INFO - [2022-07-28 14:51:58,816] {dag.py:2420} INFO - Sync 1 DAGs
[2022-07-28 14:51:58,861] {logging_mixin.py:115} INFO - [2022-07-28 14:51:58,861] {dag.py:2972} INFO - Setting next_dagrun for example_time_delta_sensor_async to None, run_after=None
[2022-07-28 14:51:58,882] {processor.py:161} INFO - Processing /home/airflow/.local/lib/python3.7/site-packages/airflow/example_dags/example_time_delta_sensor_async.py took 0.136 seconds
