[2022-07-28 14:49:26,605] {processor.py:153} INFO - Started process (PID=313) to work on /home/airflow/.local/lib/python3.7/site-packages/airflow/example_dags/example_trigger_controller_dag.py
[2022-07-28 14:49:26,606] {processor.py:641} INFO - Processing file /home/airflow/.local/lib/python3.7/site-packages/airflow/example_dags/example_trigger_controller_dag.py for tasks to queue
[2022-07-28 14:49:26,608] {logging_mixin.py:115} INFO - [2022-07-28 14:49:26,608] {dagbag.py:508} INFO - Filling up the DagBag from /home/airflow/.local/lib/python3.7/site-packages/airflow/example_dags/example_trigger_controller_dag.py
[2022-07-28 14:49:26,614] {processor.py:651} INFO - DAG(s) dict_keys(['example_trigger_controller_dag']) retrieved from /home/airflow/.local/lib/python3.7/site-packages/airflow/example_dags/example_trigger_controller_dag.py
[2022-07-28 14:49:26,723] {logging_mixin.py:115} INFO - [2022-07-28 14:49:26,723] {manager.py:508} INFO - Created Permission View: can edit on DAG:example_trigger_controller_dag
[2022-07-28 14:49:26,735] {logging_mixin.py:115} INFO - [2022-07-28 14:49:26,735] {manager.py:508} INFO - Created Permission View: can read on DAG:example_trigger_controller_dag
[2022-07-28 14:49:26,751] {logging_mixin.py:115} INFO - [2022-07-28 14:49:26,750] {manager.py:508} INFO - Created Permission View: can delete on DAG:example_trigger_controller_dag
[2022-07-28 14:49:26,751] {logging_mixin.py:115} INFO - [2022-07-28 14:49:26,751] {dag.py:2420} INFO - Sync 1 DAGs
[2022-07-28 14:49:26,764] {logging_mixin.py:115} INFO - [2022-07-28 14:49:26,764] {dag.py:2439} INFO - Creating ORM DAG for example_trigger_controller_dag
[2022-07-28 14:49:26,783] {logging_mixin.py:115} INFO - [2022-07-28 14:49:26,783] {dag.py:2972} INFO - Setting next_dagrun for example_trigger_controller_dag to 2021-01-01T00:00:00+00:00, run_after=2021-01-01T00:00:00+00:00
[2022-07-28 14:49:26,817] {processor.py:161} INFO - Processing /home/airflow/.local/lib/python3.7/site-packages/airflow/example_dags/example_trigger_controller_dag.py took 0.217 seconds
[2022-07-28 14:49:57,156] {processor.py:153} INFO - Started process (PID=508) to work on /home/airflow/.local/lib/python3.7/site-packages/airflow/example_dags/example_trigger_controller_dag.py
[2022-07-28 14:49:57,157] {processor.py:641} INFO - Processing file /home/airflow/.local/lib/python3.7/site-packages/airflow/example_dags/example_trigger_controller_dag.py for tasks to queue
[2022-07-28 14:49:57,158] {logging_mixin.py:115} INFO - [2022-07-28 14:49:57,158] {dagbag.py:508} INFO - Filling up the DagBag from /home/airflow/.local/lib/python3.7/site-packages/airflow/example_dags/example_trigger_controller_dag.py
[2022-07-28 14:49:57,161] {processor.py:651} INFO - DAG(s) dict_keys(['example_trigger_controller_dag']) retrieved from /home/airflow/.local/lib/python3.7/site-packages/airflow/example_dags/example_trigger_controller_dag.py
[2022-07-28 14:49:57,184] {logging_mixin.py:115} INFO - [2022-07-28 14:49:57,184] {dag.py:2420} INFO - Sync 1 DAGs
[2022-07-28 14:49:57,207] {logging_mixin.py:115} INFO - [2022-07-28 14:49:57,207] {dag.py:2972} INFO - Setting next_dagrun for example_trigger_controller_dag to 2021-01-01T00:00:00+00:00, run_after=2021-01-01T00:00:00+00:00
[2022-07-28 14:49:57,226] {processor.py:161} INFO - Processing /home/airflow/.local/lib/python3.7/site-packages/airflow/example_dags/example_trigger_controller_dag.py took 0.073 seconds
[2022-07-28 14:50:27,494] {processor.py:153} INFO - Started process (PID=711) to work on /home/airflow/.local/lib/python3.7/site-packages/airflow/example_dags/example_trigger_controller_dag.py
[2022-07-28 14:50:27,495] {processor.py:641} INFO - Processing file /home/airflow/.local/lib/python3.7/site-packages/airflow/example_dags/example_trigger_controller_dag.py for tasks to queue
[2022-07-28 14:50:27,496] {logging_mixin.py:115} INFO - [2022-07-28 14:50:27,496] {dagbag.py:508} INFO - Filling up the DagBag from /home/airflow/.local/lib/python3.7/site-packages/airflow/example_dags/example_trigger_controller_dag.py
[2022-07-28 14:50:27,499] {processor.py:651} INFO - DAG(s) dict_keys(['example_trigger_controller_dag']) retrieved from /home/airflow/.local/lib/python3.7/site-packages/airflow/example_dags/example_trigger_controller_dag.py
[2022-07-28 14:50:27,525] {logging_mixin.py:115} INFO - [2022-07-28 14:50:27,524] {dag.py:2420} INFO - Sync 1 DAGs
[2022-07-28 14:50:27,550] {logging_mixin.py:115} INFO - [2022-07-28 14:50:27,550] {dag.py:2972} INFO - Setting next_dagrun for example_trigger_controller_dag to 2021-01-01T00:00:00+00:00, run_after=2021-01-01T00:00:00+00:00
[2022-07-28 14:50:27,577] {processor.py:161} INFO - Processing /home/airflow/.local/lib/python3.7/site-packages/airflow/example_dags/example_trigger_controller_dag.py took 0.086 seconds
[2022-07-28 14:50:57,818] {processor.py:153} INFO - Started process (PID=910) to work on /home/airflow/.local/lib/python3.7/site-packages/airflow/example_dags/example_trigger_controller_dag.py
[2022-07-28 14:50:57,819] {processor.py:641} INFO - Processing file /home/airflow/.local/lib/python3.7/site-packages/airflow/example_dags/example_trigger_controller_dag.py for tasks to queue
[2022-07-28 14:50:57,820] {logging_mixin.py:115} INFO - [2022-07-28 14:50:57,820] {dagbag.py:508} INFO - Filling up the DagBag from /home/airflow/.local/lib/python3.7/site-packages/airflow/example_dags/example_trigger_controller_dag.py
[2022-07-28 14:50:57,824] {processor.py:651} INFO - DAG(s) dict_keys(['example_trigger_controller_dag']) retrieved from /home/airflow/.local/lib/python3.7/site-packages/airflow/example_dags/example_trigger_controller_dag.py
[2022-07-28 14:50:57,853] {logging_mixin.py:115} INFO - [2022-07-28 14:50:57,853] {dag.py:2420} INFO - Sync 1 DAGs
[2022-07-28 14:50:57,890] {logging_mixin.py:115} INFO - [2022-07-28 14:50:57,890] {dag.py:2972} INFO - Setting next_dagrun for example_trigger_controller_dag to 2021-01-01T00:00:00+00:00, run_after=2021-01-01T00:00:00+00:00
[2022-07-28 14:50:57,910] {processor.py:161} INFO - Processing /home/airflow/.local/lib/python3.7/site-packages/airflow/example_dags/example_trigger_controller_dag.py took 0.096 seconds
[2022-07-28 14:51:28,184] {processor.py:153} INFO - Started process (PID=1103) to work on /home/airflow/.local/lib/python3.7/site-packages/airflow/example_dags/example_trigger_controller_dag.py
[2022-07-28 14:51:28,185] {processor.py:641} INFO - Processing file /home/airflow/.local/lib/python3.7/site-packages/airflow/example_dags/example_trigger_controller_dag.py for tasks to queue
[2022-07-28 14:51:28,186] {logging_mixin.py:115} INFO - [2022-07-28 14:51:28,186] {dagbag.py:508} INFO - Filling up the DagBag from /home/airflow/.local/lib/python3.7/site-packages/airflow/example_dags/example_trigger_controller_dag.py
[2022-07-28 14:51:28,189] {processor.py:651} INFO - DAG(s) dict_keys(['example_trigger_controller_dag']) retrieved from /home/airflow/.local/lib/python3.7/site-packages/airflow/example_dags/example_trigger_controller_dag.py
[2022-07-28 14:51:28,218] {logging_mixin.py:115} INFO - [2022-07-28 14:51:28,218] {dag.py:2420} INFO - Sync 1 DAGs
[2022-07-28 14:51:28,248] {logging_mixin.py:115} INFO - [2022-07-28 14:51:28,248] {dag.py:2972} INFO - Setting next_dagrun for example_trigger_controller_dag to 2021-01-01T00:00:00+00:00, run_after=2021-01-01T00:00:00+00:00
[2022-07-28 14:51:28,262] {processor.py:161} INFO - Processing /home/airflow/.local/lib/python3.7/site-packages/airflow/example_dags/example_trigger_controller_dag.py took 0.080 seconds
[2022-07-28 14:51:59,475] {processor.py:153} INFO - Started process (PID=1369) to work on /home/airflow/.local/lib/python3.7/site-packages/airflow/example_dags/example_trigger_controller_dag.py
[2022-07-28 14:51:59,476] {processor.py:641} INFO - Processing file /home/airflow/.local/lib/python3.7/site-packages/airflow/example_dags/example_trigger_controller_dag.py for tasks to queue
[2022-07-28 14:51:59,477] {logging_mixin.py:115} INFO - [2022-07-28 14:51:59,477] {dagbag.py:508} INFO - Filling up the DagBag from /home/airflow/.local/lib/python3.7/site-packages/airflow/example_dags/example_trigger_controller_dag.py
[2022-07-28 14:51:59,483] {processor.py:651} INFO - DAG(s) dict_keys(['example_trigger_controller_dag']) retrieved from /home/airflow/.local/lib/python3.7/site-packages/airflow/example_dags/example_trigger_controller_dag.py
[2022-07-28 14:51:59,537] {logging_mixin.py:115} INFO - [2022-07-28 14:51:59,537] {dag.py:2420} INFO - Sync 1 DAGs
[2022-07-28 14:51:59,591] {logging_mixin.py:115} INFO - [2022-07-28 14:51:59,591] {dag.py:2972} INFO - Setting next_dagrun for example_trigger_controller_dag to 2021-01-01T00:00:00+00:00, run_after=2021-01-01T00:00:00+00:00
[2022-07-28 14:51:59,621] {processor.py:161} INFO - Processing /home/airflow/.local/lib/python3.7/site-packages/airflow/example_dags/example_trigger_controller_dag.py took 0.152 seconds
