[2022-07-28 14:49:25,088] {processor.py:153} INFO - Started process (PID=248) to work on /home/airflow/.local/lib/python3.7/site-packages/airflow/example_dags/example_branch_day_of_week_operator.py
[2022-07-28 14:49:25,089] {processor.py:641} INFO - Processing file /home/airflow/.local/lib/python3.7/site-packages/airflow/example_dags/example_branch_day_of_week_operator.py for tasks to queue
[2022-07-28 14:49:25,090] {logging_mixin.py:115} INFO - [2022-07-28 14:49:25,090] {dagbag.py:508} INFO - Filling up the DagBag from /home/airflow/.local/lib/python3.7/site-packages/airflow/example_dags/example_branch_day_of_week_operator.py
[2022-07-28 14:49:25,103] {processor.py:651} INFO - DAG(s) dict_keys(['example_weekday_branch_operator']) retrieved from /home/airflow/.local/lib/python3.7/site-packages/airflow/example_dags/example_branch_day_of_week_operator.py
[2022-07-28 14:49:25,188] {logging_mixin.py:115} INFO - [2022-07-28 14:49:25,188] {manager.py:508} INFO - Created Permission View: can edit on DAG:example_weekday_branch_operator
[2022-07-28 14:49:25,199] {logging_mixin.py:115} INFO - [2022-07-28 14:49:25,199] {manager.py:508} INFO - Created Permission View: can read on DAG:example_weekday_branch_operator
[2022-07-28 14:49:25,206] {logging_mixin.py:115} INFO - [2022-07-28 14:49:25,206] {manager.py:508} INFO - Created Permission View: can delete on DAG:example_weekday_branch_operator
[2022-07-28 14:49:25,207] {logging_mixin.py:115} INFO - [2022-07-28 14:49:25,207] {dag.py:2420} INFO - Sync 1 DAGs
[2022-07-28 14:49:25,217] {logging_mixin.py:115} INFO - [2022-07-28 14:49:25,217] {dag.py:2439} INFO - Creating ORM DAG for example_weekday_branch_operator
[2022-07-28 14:49:25,230] {logging_mixin.py:115} INFO - [2022-07-28 14:49:25,230] {dag.py:2972} INFO - Setting next_dagrun for example_weekday_branch_operator to 2022-07-27T00:00:00+00:00, run_after=2022-07-28T00:00:00+00:00
[2022-07-28 14:49:25,243] {processor.py:161} INFO - Processing /home/airflow/.local/lib/python3.7/site-packages/airflow/example_dags/example_branch_day_of_week_operator.py took 0.159 seconds
[2022-07-28 14:49:55,890] {processor.py:153} INFO - Started process (PID=441) to work on /home/airflow/.local/lib/python3.7/site-packages/airflow/example_dags/example_branch_day_of_week_operator.py
[2022-07-28 14:49:55,891] {processor.py:641} INFO - Processing file /home/airflow/.local/lib/python3.7/site-packages/airflow/example_dags/example_branch_day_of_week_operator.py for tasks to queue
[2022-07-28 14:49:55,892] {logging_mixin.py:115} INFO - [2022-07-28 14:49:55,892] {dagbag.py:508} INFO - Filling up the DagBag from /home/airflow/.local/lib/python3.7/site-packages/airflow/example_dags/example_branch_day_of_week_operator.py
[2022-07-28 14:49:55,906] {processor.py:651} INFO - DAG(s) dict_keys(['example_weekday_branch_operator']) retrieved from /home/airflow/.local/lib/python3.7/site-packages/airflow/example_dags/example_branch_day_of_week_operator.py
[2022-07-28 14:49:55,944] {logging_mixin.py:115} INFO - [2022-07-28 14:49:55,944] {dag.py:2420} INFO - Sync 1 DAGs
[2022-07-28 14:49:55,992] {logging_mixin.py:115} INFO - [2022-07-28 14:49:55,992] {dag.py:2972} INFO - Setting next_dagrun for example_weekday_branch_operator to 2022-07-27T00:00:00+00:00, run_after=2022-07-28T00:00:00+00:00
[2022-07-28 14:49:56,019] {processor.py:161} INFO - Processing /home/airflow/.local/lib/python3.7/site-packages/airflow/example_dags/example_branch_day_of_week_operator.py took 0.133 seconds
[2022-07-28 14:50:26,100] {processor.py:153} INFO - Started process (PID=644) to work on /home/airflow/.local/lib/python3.7/site-packages/airflow/example_dags/example_branch_day_of_week_operator.py
[2022-07-28 14:50:26,101] {processor.py:641} INFO - Processing file /home/airflow/.local/lib/python3.7/site-packages/airflow/example_dags/example_branch_day_of_week_operator.py for tasks to queue
[2022-07-28 14:50:26,102] {logging_mixin.py:115} INFO - [2022-07-28 14:50:26,102] {dagbag.py:508} INFO - Filling up the DagBag from /home/airflow/.local/lib/python3.7/site-packages/airflow/example_dags/example_branch_day_of_week_operator.py
[2022-07-28 14:50:26,111] {processor.py:651} INFO - DAG(s) dict_keys(['example_weekday_branch_operator']) retrieved from /home/airflow/.local/lib/python3.7/site-packages/airflow/example_dags/example_branch_day_of_week_operator.py
[2022-07-28 14:50:26,144] {logging_mixin.py:115} INFO - [2022-07-28 14:50:26,144] {dag.py:2420} INFO - Sync 1 DAGs
[2022-07-28 14:50:26,178] {logging_mixin.py:115} INFO - [2022-07-28 14:50:26,177] {dag.py:2972} INFO - Setting next_dagrun for example_weekday_branch_operator to 2022-07-27T00:00:00+00:00, run_after=2022-07-28T00:00:00+00:00
[2022-07-28 14:50:26,195] {processor.py:161} INFO - Processing /home/airflow/.local/lib/python3.7/site-packages/airflow/example_dags/example_branch_day_of_week_operator.py took 0.098 seconds
[2022-07-28 14:50:56,918] {processor.py:153} INFO - Started process (PID=845) to work on /home/airflow/.local/lib/python3.7/site-packages/airflow/example_dags/example_branch_day_of_week_operator.py
[2022-07-28 14:50:56,919] {processor.py:641} INFO - Processing file /home/airflow/.local/lib/python3.7/site-packages/airflow/example_dags/example_branch_day_of_week_operator.py for tasks to queue
[2022-07-28 14:50:56,920] {logging_mixin.py:115} INFO - [2022-07-28 14:50:56,920] {dagbag.py:508} INFO - Filling up the DagBag from /home/airflow/.local/lib/python3.7/site-packages/airflow/example_dags/example_branch_day_of_week_operator.py
[2022-07-28 14:50:56,928] {processor.py:651} INFO - DAG(s) dict_keys(['example_weekday_branch_operator']) retrieved from /home/airflow/.local/lib/python3.7/site-packages/airflow/example_dags/example_branch_day_of_week_operator.py
[2022-07-28 14:50:56,959] {logging_mixin.py:115} INFO - [2022-07-28 14:50:56,959] {dag.py:2420} INFO - Sync 1 DAGs
[2022-07-28 14:50:56,994] {logging_mixin.py:115} INFO - [2022-07-28 14:50:56,994] {dag.py:2972} INFO - Setting next_dagrun for example_weekday_branch_operator to 2022-07-27T00:00:00+00:00, run_after=2022-07-28T00:00:00+00:00
[2022-07-28 14:50:57,020] {processor.py:161} INFO - Processing /home/airflow/.local/lib/python3.7/site-packages/airflow/example_dags/example_branch_day_of_week_operator.py took 0.105 seconds
[2022-07-28 14:51:27,203] {processor.py:153} INFO - Started process (PID=1038) to work on /home/airflow/.local/lib/python3.7/site-packages/airflow/example_dags/example_branch_day_of_week_operator.py
[2022-07-28 14:51:27,204] {processor.py:641} INFO - Processing file /home/airflow/.local/lib/python3.7/site-packages/airflow/example_dags/example_branch_day_of_week_operator.py for tasks to queue
[2022-07-28 14:51:27,205] {logging_mixin.py:115} INFO - [2022-07-28 14:51:27,205] {dagbag.py:508} INFO - Filling up the DagBag from /home/airflow/.local/lib/python3.7/site-packages/airflow/example_dags/example_branch_day_of_week_operator.py
[2022-07-28 14:51:27,213] {processor.py:651} INFO - DAG(s) dict_keys(['example_weekday_branch_operator']) retrieved from /home/airflow/.local/lib/python3.7/site-packages/airflow/example_dags/example_branch_day_of_week_operator.py
[2022-07-28 14:51:27,240] {logging_mixin.py:115} INFO - [2022-07-28 14:51:27,240] {dag.py:2420} INFO - Sync 1 DAGs
[2022-07-28 14:51:27,268] {logging_mixin.py:115} INFO - [2022-07-28 14:51:27,268] {dag.py:2972} INFO - Setting next_dagrun for example_weekday_branch_operator to 2022-07-27T00:00:00+00:00, run_after=2022-07-28T00:00:00+00:00
[2022-07-28 14:51:27,292] {processor.py:161} INFO - Processing /home/airflow/.local/lib/python3.7/site-packages/airflow/example_dags/example_branch_day_of_week_operator.py took 0.092 seconds
[2022-07-28 14:51:58,163] {processor.py:153} INFO - Started process (PID=1240) to work on /home/airflow/.local/lib/python3.7/site-packages/airflow/example_dags/example_branch_day_of_week_operator.py
[2022-07-28 14:51:58,165] {processor.py:641} INFO - Processing file /home/airflow/.local/lib/python3.7/site-packages/airflow/example_dags/example_branch_day_of_week_operator.py for tasks to queue
[2022-07-28 14:51:58,167] {logging_mixin.py:115} INFO - [2022-07-28 14:51:58,167] {dagbag.py:508} INFO - Filling up the DagBag from /home/airflow/.local/lib/python3.7/site-packages/airflow/example_dags/example_branch_day_of_week_operator.py
[2022-07-28 14:51:58,187] {processor.py:651} INFO - DAG(s) dict_keys(['example_weekday_branch_operator']) retrieved from /home/airflow/.local/lib/python3.7/site-packages/airflow/example_dags/example_branch_day_of_week_operator.py
[2022-07-28 14:51:58,252] {logging_mixin.py:115} INFO - [2022-07-28 14:51:58,252] {dag.py:2420} INFO - Sync 1 DAGs
[2022-07-28 14:51:58,319] {logging_mixin.py:115} INFO - [2022-07-28 14:51:58,318] {dag.py:2972} INFO - Setting next_dagrun for example_weekday_branch_operator to 2022-07-27T00:00:00+00:00, run_after=2022-07-28T00:00:00+00:00
[2022-07-28 14:51:58,345] {processor.py:161} INFO - Processing /home/airflow/.local/lib/python3.7/site-packages/airflow/example_dags/example_branch_day_of_week_operator.py took 0.197 seconds
