[2022-07-28 14:49:24,589] {processor.py:153} INFO - Started process (PID=228) to work on /home/airflow/.local/lib/python3.7/site-packages/airflow/example_dags/tutorial_etl_dag.py
[2022-07-28 14:49:24,590] {processor.py:641} INFO - Processing file /home/airflow/.local/lib/python3.7/site-packages/airflow/example_dags/tutorial_etl_dag.py for tasks to queue
[2022-07-28 14:49:24,591] {logging_mixin.py:115} INFO - [2022-07-28 14:49:24,591] {dagbag.py:508} INFO - Filling up the DagBag from /home/airflow/.local/lib/python3.7/site-packages/airflow/example_dags/tutorial_etl_dag.py
[2022-07-28 14:49:24,605] {processor.py:651} INFO - DAG(s) dict_keys(['tutorial_etl_dag']) retrieved from /home/airflow/.local/lib/python3.7/site-packages/airflow/example_dags/tutorial_etl_dag.py
[2022-07-28 14:49:24,731] {logging_mixin.py:115} INFO - [2022-07-28 14:49:24,731] {manager.py:508} INFO - Created Permission View: can edit on DAG:tutorial_etl_dag
[2022-07-28 14:49:24,742] {logging_mixin.py:115} INFO - [2022-07-28 14:49:24,742] {manager.py:508} INFO - Created Permission View: can read on DAG:tutorial_etl_dag
[2022-07-28 14:49:24,752] {logging_mixin.py:115} INFO - [2022-07-28 14:49:24,752] {manager.py:508} INFO - Created Permission View: can delete on DAG:tutorial_etl_dag
[2022-07-28 14:49:24,753] {logging_mixin.py:115} INFO - [2022-07-28 14:49:24,753] {dag.py:2420} INFO - Sync 1 DAGs
[2022-07-28 14:49:24,764] {logging_mixin.py:115} INFO - [2022-07-28 14:49:24,764] {dag.py:2439} INFO - Creating ORM DAG for tutorial_etl_dag
[2022-07-28 14:49:24,780] {logging_mixin.py:115} INFO - [2022-07-28 14:49:24,779] {dag.py:2972} INFO - Setting next_dagrun for tutorial_etl_dag to None, run_after=None
[2022-07-28 14:49:24,794] {processor.py:161} INFO - Processing /home/airflow/.local/lib/python3.7/site-packages/airflow/example_dags/tutorial_etl_dag.py took 0.209 seconds
[2022-07-28 14:49:55,588] {processor.py:153} INFO - Started process (PID=421) to work on /home/airflow/.local/lib/python3.7/site-packages/airflow/example_dags/tutorial_etl_dag.py
[2022-07-28 14:49:55,589] {processor.py:641} INFO - Processing file /home/airflow/.local/lib/python3.7/site-packages/airflow/example_dags/tutorial_etl_dag.py for tasks to queue
[2022-07-28 14:49:55,589] {logging_mixin.py:115} INFO - [2022-07-28 14:49:55,589] {dagbag.py:508} INFO - Filling up the DagBag from /home/airflow/.local/lib/python3.7/site-packages/airflow/example_dags/tutorial_etl_dag.py
[2022-07-28 14:49:55,596] {processor.py:651} INFO - DAG(s) dict_keys(['tutorial_etl_dag']) retrieved from /home/airflow/.local/lib/python3.7/site-packages/airflow/example_dags/tutorial_etl_dag.py
[2022-07-28 14:49:55,622] {logging_mixin.py:115} INFO - [2022-07-28 14:49:55,622] {dag.py:2420} INFO - Sync 1 DAGs
[2022-07-28 14:49:55,652] {logging_mixin.py:115} INFO - [2022-07-28 14:49:55,652] {dag.py:2972} INFO - Setting next_dagrun for tutorial_etl_dag to None, run_after=None
[2022-07-28 14:49:55,668] {processor.py:161} INFO - Processing /home/airflow/.local/lib/python3.7/site-packages/airflow/example_dags/tutorial_etl_dag.py took 0.084 seconds
[2022-07-28 14:50:25,823] {processor.py:153} INFO - Started process (PID=624) to work on /home/airflow/.local/lib/python3.7/site-packages/airflow/example_dags/tutorial_etl_dag.py
[2022-07-28 14:50:25,824] {processor.py:641} INFO - Processing file /home/airflow/.local/lib/python3.7/site-packages/airflow/example_dags/tutorial_etl_dag.py for tasks to queue
[2022-07-28 14:50:25,825] {logging_mixin.py:115} INFO - [2022-07-28 14:50:25,825] {dagbag.py:508} INFO - Filling up the DagBag from /home/airflow/.local/lib/python3.7/site-packages/airflow/example_dags/tutorial_etl_dag.py
[2022-07-28 14:50:25,835] {processor.py:651} INFO - DAG(s) dict_keys(['tutorial_etl_dag']) retrieved from /home/airflow/.local/lib/python3.7/site-packages/airflow/example_dags/tutorial_etl_dag.py
[2022-07-28 14:50:25,864] {logging_mixin.py:115} INFO - [2022-07-28 14:50:25,864] {dag.py:2420} INFO - Sync 1 DAGs
[2022-07-28 14:50:25,890] {logging_mixin.py:115} INFO - [2022-07-28 14:50:25,890] {dag.py:2972} INFO - Setting next_dagrun for tutorial_etl_dag to None, run_after=None
[2022-07-28 14:50:25,903] {processor.py:161} INFO - Processing /home/airflow/.local/lib/python3.7/site-packages/airflow/example_dags/tutorial_etl_dag.py took 0.084 seconds
[2022-07-28 14:50:56,660] {processor.py:153} INFO - Started process (PID=825) to work on /home/airflow/.local/lib/python3.7/site-packages/airflow/example_dags/tutorial_etl_dag.py
[2022-07-28 14:50:56,661] {processor.py:641} INFO - Processing file /home/airflow/.local/lib/python3.7/site-packages/airflow/example_dags/tutorial_etl_dag.py for tasks to queue
[2022-07-28 14:50:56,662] {logging_mixin.py:115} INFO - [2022-07-28 14:50:56,662] {dagbag.py:508} INFO - Filling up the DagBag from /home/airflow/.local/lib/python3.7/site-packages/airflow/example_dags/tutorial_etl_dag.py
[2022-07-28 14:50:56,668] {processor.py:651} INFO - DAG(s) dict_keys(['tutorial_etl_dag']) retrieved from /home/airflow/.local/lib/python3.7/site-packages/airflow/example_dags/tutorial_etl_dag.py
[2022-07-28 14:50:56,693] {logging_mixin.py:115} INFO - [2022-07-28 14:50:56,693] {dag.py:2420} INFO - Sync 1 DAGs
[2022-07-28 14:50:56,718] {logging_mixin.py:115} INFO - [2022-07-28 14:50:56,718] {dag.py:2972} INFO - Setting next_dagrun for tutorial_etl_dag to None, run_after=None
[2022-07-28 14:50:56,729] {processor.py:161} INFO - Processing /home/airflow/.local/lib/python3.7/site-packages/airflow/example_dags/tutorial_etl_dag.py took 0.071 seconds
[2022-07-28 14:51:26,933] {processor.py:153} INFO - Started process (PID=1018) to work on /home/airflow/.local/lib/python3.7/site-packages/airflow/example_dags/tutorial_etl_dag.py
[2022-07-28 14:51:26,934] {processor.py:641} INFO - Processing file /home/airflow/.local/lib/python3.7/site-packages/airflow/example_dags/tutorial_etl_dag.py for tasks to queue
[2022-07-28 14:51:26,936] {logging_mixin.py:115} INFO - [2022-07-28 14:51:26,936] {dagbag.py:508} INFO - Filling up the DagBag from /home/airflow/.local/lib/python3.7/site-packages/airflow/example_dags/tutorial_etl_dag.py
[2022-07-28 14:51:26,946] {processor.py:651} INFO - DAG(s) dict_keys(['tutorial_etl_dag']) retrieved from /home/airflow/.local/lib/python3.7/site-packages/airflow/example_dags/tutorial_etl_dag.py
[2022-07-28 14:51:26,977] {logging_mixin.py:115} INFO - [2022-07-28 14:51:26,977] {dag.py:2420} INFO - Sync 1 DAGs
[2022-07-28 14:51:27,008] {logging_mixin.py:115} INFO - [2022-07-28 14:51:27,008] {dag.py:2972} INFO - Setting next_dagrun for tutorial_etl_dag to None, run_after=None
[2022-07-28 14:51:27,021] {processor.py:161} INFO - Processing /home/airflow/.local/lib/python3.7/site-packages/airflow/example_dags/tutorial_etl_dag.py took 0.092 seconds
[2022-07-28 14:51:57,748] {processor.py:153} INFO - Started process (PID=1220) to work on /home/airflow/.local/lib/python3.7/site-packages/airflow/example_dags/tutorial_etl_dag.py
[2022-07-28 14:51:57,749] {processor.py:641} INFO - Processing file /home/airflow/.local/lib/python3.7/site-packages/airflow/example_dags/tutorial_etl_dag.py for tasks to queue
[2022-07-28 14:51:57,749] {logging_mixin.py:115} INFO - [2022-07-28 14:51:57,749] {dagbag.py:508} INFO - Filling up the DagBag from /home/airflow/.local/lib/python3.7/site-packages/airflow/example_dags/tutorial_etl_dag.py
[2022-07-28 14:51:57,757] {processor.py:651} INFO - DAG(s) dict_keys(['tutorial_etl_dag']) retrieved from /home/airflow/.local/lib/python3.7/site-packages/airflow/example_dags/tutorial_etl_dag.py
[2022-07-28 14:51:57,785] {logging_mixin.py:115} INFO - [2022-07-28 14:51:57,785] {dag.py:2420} INFO - Sync 1 DAGs
[2022-07-28 14:51:57,813] {logging_mixin.py:115} INFO - [2022-07-28 14:51:57,813] {dag.py:2972} INFO - Setting next_dagrun for tutorial_etl_dag to None, run_after=None
[2022-07-28 14:51:57,835] {processor.py:161} INFO - Processing /home/airflow/.local/lib/python3.7/site-packages/airflow/example_dags/tutorial_etl_dag.py took 0.091 seconds
