[2022-07-28 14:49:24,941] {processor.py:153} INFO - Started process (PID=243) to work on /home/airflow/.local/lib/python3.7/site-packages/airflow/example_dags/tutorial.py
[2022-07-28 14:49:24,942] {processor.py:641} INFO - Processing file /home/airflow/.local/lib/python3.7/site-packages/airflow/example_dags/tutorial.py for tasks to queue
[2022-07-28 14:49:24,944] {logging_mixin.py:115} INFO - [2022-07-28 14:49:24,944] {dagbag.py:508} INFO - Filling up the DagBag from /home/airflow/.local/lib/python3.7/site-packages/airflow/example_dags/tutorial.py
[2022-07-28 14:49:24,951] {processor.py:651} INFO - DAG(s) dict_keys(['tutorial']) retrieved from /home/airflow/.local/lib/python3.7/site-packages/airflow/example_dags/tutorial.py
[2022-07-28 14:49:25,058] {logging_mixin.py:115} INFO - [2022-07-28 14:49:25,058] {manager.py:508} INFO - Created Permission View: can edit on DAG:tutorial
[2022-07-28 14:49:25,072] {logging_mixin.py:115} INFO - [2022-07-28 14:49:25,072] {manager.py:508} INFO - Created Permission View: can read on DAG:tutorial
[2022-07-28 14:49:25,083] {logging_mixin.py:115} INFO - [2022-07-28 14:49:25,083] {manager.py:508} INFO - Created Permission View: can delete on DAG:tutorial
[2022-07-28 14:49:25,084] {logging_mixin.py:115} INFO - [2022-07-28 14:49:25,084] {dag.py:2420} INFO - Sync 1 DAGs
[2022-07-28 14:49:25,095] {logging_mixin.py:115} INFO - [2022-07-28 14:49:25,095] {dag.py:2439} INFO - Creating ORM DAG for tutorial
[2022-07-28 14:49:25,109] {logging_mixin.py:115} INFO - [2022-07-28 14:49:25,109] {dag.py:2972} INFO - Setting next_dagrun for tutorial to 2022-07-27T14:49:25.108733+00:00, run_after=2022-07-28T14:49:25.108733+00:00
[2022-07-28 14:49:25,126] {processor.py:161} INFO - Processing /home/airflow/.local/lib/python3.7/site-packages/airflow/example_dags/tutorial.py took 0.189 seconds
[2022-07-28 14:49:55,762] {processor.py:153} INFO - Started process (PID=436) to work on /home/airflow/.local/lib/python3.7/site-packages/airflow/example_dags/tutorial.py
[2022-07-28 14:49:55,763] {processor.py:641} INFO - Processing file /home/airflow/.local/lib/python3.7/site-packages/airflow/example_dags/tutorial.py for tasks to queue
[2022-07-28 14:49:55,764] {logging_mixin.py:115} INFO - [2022-07-28 14:49:55,764] {dagbag.py:508} INFO - Filling up the DagBag from /home/airflow/.local/lib/python3.7/site-packages/airflow/example_dags/tutorial.py
[2022-07-28 14:49:55,771] {processor.py:651} INFO - DAG(s) dict_keys(['tutorial']) retrieved from /home/airflow/.local/lib/python3.7/site-packages/airflow/example_dags/tutorial.py
[2022-07-28 14:49:55,811] {logging_mixin.py:115} INFO - [2022-07-28 14:49:55,811] {dag.py:2420} INFO - Sync 1 DAGs
[2022-07-28 14:49:55,845] {logging_mixin.py:115} INFO - [2022-07-28 14:49:55,845] {dag.py:2972} INFO - Setting next_dagrun for tutorial to 2022-07-27T14:49:55.845366+00:00, run_after=2022-07-28T14:49:55.845366+00:00
[2022-07-28 14:49:55,859] {processor.py:161} INFO - Processing /home/airflow/.local/lib/python3.7/site-packages/airflow/example_dags/tutorial.py took 0.101 seconds
[2022-07-28 14:50:26,011] {processor.py:153} INFO - Started process (PID=639) to work on /home/airflow/.local/lib/python3.7/site-packages/airflow/example_dags/tutorial.py
[2022-07-28 14:50:26,012] {processor.py:641} INFO - Processing file /home/airflow/.local/lib/python3.7/site-packages/airflow/example_dags/tutorial.py for tasks to queue
[2022-07-28 14:50:26,013] {logging_mixin.py:115} INFO - [2022-07-28 14:50:26,013] {dagbag.py:508} INFO - Filling up the DagBag from /home/airflow/.local/lib/python3.7/site-packages/airflow/example_dags/tutorial.py
[2022-07-28 14:50:26,019] {processor.py:651} INFO - DAG(s) dict_keys(['tutorial']) retrieved from /home/airflow/.local/lib/python3.7/site-packages/airflow/example_dags/tutorial.py
[2022-07-28 14:50:26,048] {logging_mixin.py:115} INFO - [2022-07-28 14:50:26,048] {dag.py:2420} INFO - Sync 1 DAGs
[2022-07-28 14:50:26,078] {logging_mixin.py:115} INFO - [2022-07-28 14:50:26,078] {dag.py:2972} INFO - Setting next_dagrun for tutorial to 2022-07-27T14:50:26.078385+00:00, run_after=2022-07-28T14:50:26.078385+00:00
[2022-07-28 14:50:26,094] {processor.py:161} INFO - Processing /home/airflow/.local/lib/python3.7/site-packages/airflow/example_dags/tutorial.py took 0.087 seconds
[2022-07-28 14:50:56,831] {processor.py:153} INFO - Started process (PID=840) to work on /home/airflow/.local/lib/python3.7/site-packages/airflow/example_dags/tutorial.py
[2022-07-28 14:50:56,832] {processor.py:641} INFO - Processing file /home/airflow/.local/lib/python3.7/site-packages/airflow/example_dags/tutorial.py for tasks to queue
[2022-07-28 14:50:56,833] {logging_mixin.py:115} INFO - [2022-07-28 14:50:56,833] {dagbag.py:508} INFO - Filling up the DagBag from /home/airflow/.local/lib/python3.7/site-packages/airflow/example_dags/tutorial.py
[2022-07-28 14:50:56,842] {processor.py:651} INFO - DAG(s) dict_keys(['tutorial']) retrieved from /home/airflow/.local/lib/python3.7/site-packages/airflow/example_dags/tutorial.py
[2022-07-28 14:50:56,874] {logging_mixin.py:115} INFO - [2022-07-28 14:50:56,874] {dag.py:2420} INFO - Sync 1 DAGs
[2022-07-28 14:50:56,900] {logging_mixin.py:115} INFO - [2022-07-28 14:50:56,900] {dag.py:2972} INFO - Setting next_dagrun for tutorial to 2022-07-27T14:50:56.900212+00:00, run_after=2022-07-28T14:50:56.900212+00:00
[2022-07-28 14:50:56,913] {processor.py:161} INFO - Processing /home/airflow/.local/lib/python3.7/site-packages/airflow/example_dags/tutorial.py took 0.086 seconds
[2022-07-28 14:51:27,124] {processor.py:153} INFO - Started process (PID=1033) to work on /home/airflow/.local/lib/python3.7/site-packages/airflow/example_dags/tutorial.py
[2022-07-28 14:51:27,125] {processor.py:641} INFO - Processing file /home/airflow/.local/lib/python3.7/site-packages/airflow/example_dags/tutorial.py for tasks to queue
[2022-07-28 14:51:27,126] {logging_mixin.py:115} INFO - [2022-07-28 14:51:27,125] {dagbag.py:508} INFO - Filling up the DagBag from /home/airflow/.local/lib/python3.7/site-packages/airflow/example_dags/tutorial.py
[2022-07-28 14:51:27,131] {processor.py:651} INFO - DAG(s) dict_keys(['tutorial']) retrieved from /home/airflow/.local/lib/python3.7/site-packages/airflow/example_dags/tutorial.py
[2022-07-28 14:51:27,157] {logging_mixin.py:115} INFO - [2022-07-28 14:51:27,157] {dag.py:2420} INFO - Sync 1 DAGs
[2022-07-28 14:51:27,184] {logging_mixin.py:115} INFO - [2022-07-28 14:51:27,184] {dag.py:2972} INFO - Setting next_dagrun for tutorial to 2022-07-27T14:51:27.184090+00:00, run_after=2022-07-28T14:51:27.184090+00:00
[2022-07-28 14:51:27,198] {processor.py:161} INFO - Processing /home/airflow/.local/lib/python3.7/site-packages/airflow/example_dags/tutorial.py took 0.077 seconds
[2022-07-28 14:51:57,956] {processor.py:153} INFO - Started process (PID=1235) to work on /home/airflow/.local/lib/python3.7/site-packages/airflow/example_dags/tutorial.py
[2022-07-28 14:51:57,957] {processor.py:641} INFO - Processing file /home/airflow/.local/lib/python3.7/site-packages/airflow/example_dags/tutorial.py for tasks to queue
[2022-07-28 14:51:57,958] {logging_mixin.py:115} INFO - [2022-07-28 14:51:57,958] {dagbag.py:508} INFO - Filling up the DagBag from /home/airflow/.local/lib/python3.7/site-packages/airflow/example_dags/tutorial.py
[2022-07-28 14:51:57,966] {processor.py:651} INFO - DAG(s) dict_keys(['tutorial']) retrieved from /home/airflow/.local/lib/python3.7/site-packages/airflow/example_dags/tutorial.py
[2022-07-28 14:51:58,032] {logging_mixin.py:115} INFO - [2022-07-28 14:51:58,031] {dag.py:2420} INFO - Sync 1 DAGs
[2022-07-28 14:51:58,076] {logging_mixin.py:115} INFO - [2022-07-28 14:51:58,075] {dag.py:2972} INFO - Setting next_dagrun for tutorial to 2022-07-27T14:51:58.075673+00:00, run_after=2022-07-28T14:51:58.075673+00:00
[2022-07-28 14:51:58,112] {processor.py:161} INFO - Processing /home/airflow/.local/lib/python3.7/site-packages/airflow/example_dags/tutorial.py took 0.160 seconds
