[2022-07-28 15:03:21,561] {taskinstance.py:1179} INFO - Dependencies all met for <TaskInstance: get_options_data_BWV.transform_options_data scheduled__2022-07-28T14:30:00+00:00 [queued]>
[2022-07-28 15:03:21,621] {taskinstance.py:1179} INFO - Dependencies all met for <TaskInstance: get_options_data_BWV.transform_options_data scheduled__2022-07-28T14:30:00+00:00 [queued]>
[2022-07-28 15:03:21,626] {taskinstance.py:1376} INFO - 
--------------------------------------------------------------------------------
[2022-07-28 15:03:21,649] {taskinstance.py:1377} INFO - Starting attempt 1 of 2
[2022-07-28 15:03:21,649] {taskinstance.py:1378} INFO - 
--------------------------------------------------------------------------------
[2022-07-28 15:03:21,737] {taskinstance.py:1397} INFO - Executing <Task(PythonOperator): transform_options_data> on 2022-07-28 14:30:00+00:00
[2022-07-28 15:03:21,742] {standard_task_runner.py:52} INFO - Started process 274 to run task
[2022-07-28 15:03:21,760] {standard_task_runner.py:79} INFO - Running: ['***', 'tasks', 'run', 'get_options_data_BWV', 'transform_options_data', 'scheduled__2022-07-28T14:30:00+00:00', '--job-id', '23', '--raw', '--subdir', 'DAGS_FOLDER/open_options.py', '--cfg-path', '/tmp/tmpzhn5bipa', '--error-file', '/tmp/tmprhuh724d']
[2022-07-28 15:03:21,769] {standard_task_runner.py:80} INFO - Job 23: Subtask transform_options_data
[2022-07-28 15:03:22,041] {task_command.py:371} INFO - Running <TaskInstance: get_options_data_BWV.transform_options_data scheduled__2022-07-28T14:30:00+00:00 [running]> on host a2299eb83309
[2022-07-28 15:03:22,369] {taskinstance.py:1591} INFO - Exporting the following env vars:
AIRFLOW_CTX_DAG_OWNER=vardhan
AIRFLOW_CTX_DAG_ID=get_options_data_BWV
AIRFLOW_CTX_TASK_ID=transform_options_data
AIRFLOW_CTX_EXECUTION_DATE=2022-07-28T14:30:00+00:00
AIRFLOW_CTX_TRY_NUMBER=1
AIRFLOW_CTX_DAG_RUN_ID=scheduled__2022-07-28T14:30:00+00:00
[2022-07-28 15:03:23,657] {logging_mixin.py:115} INFO - []
[2022-07-28 15:03:23,749] {python.py:173} INFO - Done. Returned value was: None
[2022-07-28 15:03:24,132] {taskinstance.py:1420} INFO - Marking task as SUCCESS. dag_id=get_options_data_BWV, task_id=transform_options_data, execution_date=20220728T143000, start_date=20220728T150321, end_date=20220728T150324
[2022-07-28 15:03:24,230] {local_task_job.py:156} INFO - Task exited with return code 0
[2022-07-28 15:03:24,404] {local_task_job.py:273} INFO - 1 downstream tasks scheduled from follow-on schedule check
