[2022-07-28 15:03:22,111] {taskinstance.py:1179} INFO - Dependencies all met for <TaskInstance: get_options_data_MSFT.create_table scheduled__2022-07-28T14:30:00+00:00 [queued]>
[2022-07-28 15:03:22,144] {taskinstance.py:1179} INFO - Dependencies all met for <TaskInstance: get_options_data_MSFT.create_table scheduled__2022-07-28T14:30:00+00:00 [queued]>
[2022-07-28 15:03:22,144] {taskinstance.py:1376} INFO - 
--------------------------------------------------------------------------------
[2022-07-28 15:03:22,145] {taskinstance.py:1377} INFO - Starting attempt 1 of 2
[2022-07-28 15:03:22,146] {taskinstance.py:1378} INFO - 
--------------------------------------------------------------------------------
[2022-07-28 15:03:22,209] {taskinstance.py:1397} INFO - Executing <Task(PythonOperator): create_table> on 2022-07-28 14:30:00+00:00
[2022-07-28 15:03:22,216] {standard_task_runner.py:52} INFO - Started process 275 to run task
[2022-07-28 15:03:22,232] {standard_task_runner.py:79} INFO - Running: ['***', 'tasks', 'run', 'get_options_data_MSFT', 'create_table', 'scheduled__2022-07-28T14:30:00+00:00', '--job-id', '24', '--raw', '--subdir', 'DAGS_FOLDER/open_options.py', '--cfg-path', '/tmp/tmpapaiu2kw', '--error-file', '/tmp/tmpyw213o7j']
[2022-07-28 15:03:22,242] {standard_task_runner.py:80} INFO - Job 24: Subtask create_table
[2022-07-28 15:03:22,671] {task_command.py:371} INFO - Running <TaskInstance: get_options_data_MSFT.create_table scheduled__2022-07-28T14:30:00+00:00 [running]> on host a2299eb83309
[2022-07-28 15:03:23,069] {taskinstance.py:1591} INFO - Exporting the following env vars:
AIRFLOW_CTX_DAG_OWNER=vardhan
AIRFLOW_CTX_DAG_ID=get_options_data_MSFT
AIRFLOW_CTX_TASK_ID=create_table
AIRFLOW_CTX_EXECUTION_DATE=2022-07-28T14:30:00+00:00
AIRFLOW_CTX_TRY_NUMBER=1
AIRFLOW_CTX_DAG_RUN_ID=scheduled__2022-07-28T14:30:00+00:00
[2022-07-28 15:03:23,118] {base.py:68} INFO - Using connection ID 'postgres_optionsdata' for task execution.
[2022-07-28 15:03:23,153] {dbapi.py:231} INFO - Running statement: 
CREATE TABLE IF NOT EXISTS MSFT (
    put_call VARCHAR(5) NOT NULL,
    symbol VARCHAR(32) NOT NULL,
    description VARCHAR(64) NOT NULL,
    bid DOUBLE PRECISION,
    ask DOUBLE PRECISION,
    last DOUBLE PRECISION,
    bid_size INTEGER,
    ask_size INTEGER,
    last_size INTEGER,
    high_price DOUBLE PRECISION,
    low_price DOUBLE PRECISION,
    open_price DOUBLE PRECISION,
    close_price DOUBLE PRECISION,
    total_volume INTEGER,
    quote_time BIGINT,
    volatility DOUBLE PRECISION,
    delta DOUBLE PRECISION,
    gamma DOUBLE PRECISION,
    theta DOUBLE PRECISION,
    vega DOUBLE PRECISION,
    rho DOUBLE PRECISION,
    open_interest INTEGER,
    time_value DOUBLE PRECISION,
    theoretical_value DOUBLE PRECISION,
    strike_price DOUBLE PRECISION,
    expiration_date BIGINT,
    dte INTEGER,
    PRIMARY KEY (symbol, quote_time)
)
, parameters: None
[2022-07-28 15:03:23,194] {python.py:173} INFO - Done. Returned value was: None
[2022-07-28 15:03:23,296] {taskinstance.py:1420} INFO - Marking task as SUCCESS. dag_id=get_options_data_MSFT, task_id=create_table, execution_date=20220728T143000, start_date=20220728T150322, end_date=20220728T150323
[2022-07-28 15:03:23,410] {local_task_job.py:156} INFO - Task exited with return code 0
[2022-07-28 15:03:23,919] {local_task_job.py:273} INFO - 1 downstream tasks scheduled from follow-on schedule check
