[2022-07-28 15:09:35,441] {taskinstance.py:1179} INFO - Dependencies all met for <TaskInstance: NOW_historic_data.create_historic_table scheduled__2022-07-28T14:30:00+00:00 [queued]>
[2022-07-28 15:09:35,579] {taskinstance.py:1179} INFO - Dependencies all met for <TaskInstance: NOW_historic_data.create_historic_table scheduled__2022-07-28T14:30:00+00:00 [queued]>
[2022-07-28 15:09:35,581] {taskinstance.py:1376} INFO - 
--------------------------------------------------------------------------------
[2022-07-28 15:09:35,582] {taskinstance.py:1377} INFO - Starting attempt 1 of 2
[2022-07-28 15:09:35,583] {taskinstance.py:1378} INFO - 
--------------------------------------------------------------------------------
[2022-07-28 15:09:35,670] {taskinstance.py:1397} INFO - Executing <Task(PythonOperator): create_historic_table> on 2022-07-28 14:30:00+00:00
[2022-07-28 15:09:35,676] {standard_task_runner.py:52} INFO - Started process 796 to run task
[2022-07-28 15:09:35,696] {standard_task_runner.py:79} INFO - Running: ['***', 'tasks', 'run', 'NOW_historic_data', 'create_historic_table', 'scheduled__2022-07-28T14:30:00+00:00', '--job-id', '98', '--raw', '--subdir', 'DAGS_FOLDER/open_options.py', '--cfg-path', '/tmp/tmp1v51nixt', '--error-file', '/tmp/tmp07v4gsrm']
[2022-07-28 15:09:35,718] {standard_task_runner.py:80} INFO - Job 98: Subtask create_historic_table
[2022-07-28 15:09:36,009] {task_command.py:371} INFO - Running <TaskInstance: NOW_historic_data.create_historic_table scheduled__2022-07-28T14:30:00+00:00 [running]> on host a2299eb83309
[2022-07-28 15:09:37,138] {taskinstance.py:1591} INFO - Exporting the following env vars:
AIRFLOW_CTX_DAG_OWNER=vardhan
AIRFLOW_CTX_DAG_ID=NOW_historic_data
AIRFLOW_CTX_TASK_ID=create_historic_table
AIRFLOW_CTX_EXECUTION_DATE=2022-07-28T14:30:00+00:00
AIRFLOW_CTX_TRY_NUMBER=1
AIRFLOW_CTX_DAG_RUN_ID=scheduled__2022-07-28T14:30:00+00:00
[2022-07-28 15:09:37,188] {base.py:68} INFO - Using connection ID 'postgres_optionsdata' for task execution.
[2022-07-28 15:09:37,229] {dbapi.py:231} INFO - Running statement: 
        CREATE TABLE IF NOT EXISTS historic__NOW_ (
            datetime BIGINT,
            high DOUBLE PRECISION,
            low DOUBLE PRECISION,
            open DOUBLE PRECISION,
            close DOUBLE PRECISION,
            volume INTEGER,
            symbol VARCHAR(32) NOT NULL,
            PRIMARY KEY (symbol, datetime)
        )
    , parameters: None
[2022-07-28 15:09:37,290] {python.py:173} INFO - Done. Returned value was: None
[2022-07-28 15:09:37,529] {taskinstance.py:1420} INFO - Marking task as SUCCESS. dag_id=NOW_historic_data, task_id=create_historic_table, execution_date=20220728T143000, start_date=20220728T150935, end_date=20220728T150937
[2022-07-28 15:09:37,593] {local_task_job.py:156} INFO - Task exited with return code 0
[2022-07-28 15:09:38,301] {local_task_job.py:273} INFO - 1 downstream tasks scheduled from follow-on schedule check
