[2022-07-28 15:09:23,716] {taskinstance.py:1179} INFO - Dependencies all met for <TaskInstance: AMD_historic_data.create_historic_table scheduled__2022-07-28T14:30:00+00:00 [queued]>
[2022-07-28 15:09:23,731] {taskinstance.py:1179} INFO - Dependencies all met for <TaskInstance: AMD_historic_data.create_historic_table scheduled__2022-07-28T14:30:00+00:00 [queued]>
[2022-07-28 15:09:23,731] {taskinstance.py:1376} INFO - 
--------------------------------------------------------------------------------
[2022-07-28 15:09:23,732] {taskinstance.py:1377} INFO - Starting attempt 1 of 2
[2022-07-28 15:09:23,732] {taskinstance.py:1378} INFO - 
--------------------------------------------------------------------------------
[2022-07-28 15:09:23,750] {taskinstance.py:1397} INFO - Executing <Task(PythonOperator): create_historic_table> on 2022-07-28 14:30:00+00:00
[2022-07-28 15:09:23,756] {standard_task_runner.py:52} INFO - Started process 737 to run task
[2022-07-28 15:09:23,760] {standard_task_runner.py:79} INFO - Running: ['***', 'tasks', 'run', 'AMD_historic_data', 'create_historic_table', 'scheduled__2022-07-28T14:30:00+00:00', '--job-id', '78', '--raw', '--subdir', 'DAGS_FOLDER/open_options.py', '--cfg-path', '/tmp/tmp8l7b4d2f', '--error-file', '/tmp/tmpvgjjsern']
[2022-07-28 15:09:23,761] {standard_task_runner.py:80} INFO - Job 78: Subtask create_historic_table
[2022-07-28 15:09:23,855] {task_command.py:371} INFO - Running <TaskInstance: AMD_historic_data.create_historic_table scheduled__2022-07-28T14:30:00+00:00 [running]> on host a2299eb83309
[2022-07-28 15:09:23,960] {taskinstance.py:1591} INFO - Exporting the following env vars:
AIRFLOW_CTX_DAG_OWNER=vardhan
AIRFLOW_CTX_DAG_ID=AMD_historic_data
AIRFLOW_CTX_TASK_ID=create_historic_table
AIRFLOW_CTX_EXECUTION_DATE=2022-07-28T14:30:00+00:00
AIRFLOW_CTX_TRY_NUMBER=1
AIRFLOW_CTX_DAG_RUN_ID=scheduled__2022-07-28T14:30:00+00:00
[2022-07-28 15:09:23,973] {base.py:68} INFO - Using connection ID 'postgres_optionsdata' for task execution.
[2022-07-28 15:09:23,978] {dbapi.py:231} INFO - Running statement: 
        CREATE TABLE IF NOT EXISTS historic__AMD_ (
            datetime BIGINT,
            high DOUBLE PRECISION,
            low DOUBLE PRECISION,
            open DOUBLE PRECISION,
            close DOUBLE PRECISION,
            volume INTEGER,
            symbol VARCHAR(32) NOT NULL,
            PRIMARY KEY (symbol, datetime)
        )
    , parameters: None
[2022-07-28 15:09:23,985] {python.py:173} INFO - Done. Returned value was: None
[2022-07-28 15:09:24,003] {taskinstance.py:1420} INFO - Marking task as SUCCESS. dag_id=AMD_historic_data, task_id=create_historic_table, execution_date=20220728T143000, start_date=20220728T150923, end_date=20220728T150924
[2022-07-28 15:09:24,055] {local_task_job.py:156} INFO - Task exited with return code 0
[2022-07-28 15:09:24,278] {local_task_job.py:273} INFO - 1 downstream tasks scheduled from follow-on schedule check
