[2022-07-28 15:09:27,085] {taskinstance.py:1179} INFO - Dependencies all met for <TaskInstance: FSLR_historic_data.create_historic_table scheduled__2022-07-28T14:30:00+00:00 [queued]>
[2022-07-28 15:09:27,102] {taskinstance.py:1179} INFO - Dependencies all met for <TaskInstance: FSLR_historic_data.create_historic_table scheduled__2022-07-28T14:30:00+00:00 [queued]>
[2022-07-28 15:09:27,104] {taskinstance.py:1376} INFO - 
--------------------------------------------------------------------------------
[2022-07-28 15:09:27,104] {taskinstance.py:1377} INFO - Starting attempt 1 of 2
[2022-07-28 15:09:27,105] {taskinstance.py:1378} INFO - 
--------------------------------------------------------------------------------
[2022-07-28 15:09:27,132] {taskinstance.py:1397} INFO - Executing <Task(PythonOperator): create_historic_table> on 2022-07-28 14:30:00+00:00
[2022-07-28 15:09:27,139] {standard_task_runner.py:52} INFO - Started process 750 to run task
[2022-07-28 15:09:27,147] {standard_task_runner.py:79} INFO - Running: ['***', 'tasks', 'run', 'FSLR_historic_data', 'create_historic_table', 'scheduled__2022-07-28T14:30:00+00:00', '--job-id', '85', '--raw', '--subdir', 'DAGS_FOLDER/open_options.py', '--cfg-path', '/tmp/tmpcqsn72ec', '--error-file', '/tmp/tmpfp0nvmtp']
[2022-07-28 15:09:27,149] {standard_task_runner.py:80} INFO - Job 85: Subtask create_historic_table
[2022-07-28 15:09:27,278] {task_command.py:371} INFO - Running <TaskInstance: FSLR_historic_data.create_historic_table scheduled__2022-07-28T14:30:00+00:00 [running]> on host a2299eb83309
[2022-07-28 15:09:27,454] {taskinstance.py:1591} INFO - Exporting the following env vars:
AIRFLOW_CTX_DAG_OWNER=vardhan
AIRFLOW_CTX_DAG_ID=FSLR_historic_data
AIRFLOW_CTX_TASK_ID=create_historic_table
AIRFLOW_CTX_EXECUTION_DATE=2022-07-28T14:30:00+00:00
AIRFLOW_CTX_TRY_NUMBER=1
AIRFLOW_CTX_DAG_RUN_ID=scheduled__2022-07-28T14:30:00+00:00
[2022-07-28 15:09:27,478] {base.py:68} INFO - Using connection ID 'postgres_optionsdata' for task execution.
[2022-07-28 15:09:27,486] {dbapi.py:231} INFO - Running statement: 
        CREATE TABLE IF NOT EXISTS historic__FSLR_ (
            datetime BIGINT,
            high DOUBLE PRECISION,
            low DOUBLE PRECISION,
            open DOUBLE PRECISION,
            close DOUBLE PRECISION,
            volume INTEGER,
            symbol VARCHAR(32) NOT NULL,
            PRIMARY KEY (symbol, datetime)
        )
    , parameters: None
[2022-07-28 15:09:27,497] {python.py:173} INFO - Done. Returned value was: None
[2022-07-28 15:09:27,528] {taskinstance.py:1420} INFO - Marking task as SUCCESS. dag_id=FSLR_historic_data, task_id=create_historic_table, execution_date=20220728T143000, start_date=20220728T150927, end_date=20220728T150927
[2022-07-28 15:09:27,598] {local_task_job.py:156} INFO - Task exited with return code 0
[2022-07-28 15:09:28,110] {local_task_job.py:273} INFO - 0 downstream tasks scheduled from follow-on schedule check
